{"meta": {"format": 3, "version": "7.10.7", "timestamp": "2026-01-31T14:14:55.057223", "branch_coverage": true, "show_contexts": false}, "files": {"src/core/mail_proxy/__init__.py": {"executed_lines": [2, 44, 45, 47, 53], "summary": {"covered_lines": 4, "num_statements": 10, "percent_covered": 40.0, "percent_covered_display": "40", "missing_lines": 6, "excluded_lines": 0, "num_branches": 0, "num_partial_branches": 0, "covered_branches": 0, "missing_branches": 0}, "missing_lines": [48, 49, 50, 55, 56, 57], "excluded_lines": [], "executed_branches": [], "missing_branches": [], "functions": {"main": {"executed_lines": [], "summary": {"covered_lines": 0, "num_statements": 3, "percent_covered": 0.0, "percent_covered_display": "0", "missing_lines": 3, "excluded_lines": 0, "num_branches": 0, "num_partial_branches": 0, "covered_branches": 0, "missing_branches": 0}, "missing_lines": [55, 56, 57], "excluded_lines": [], "executed_branches": [], "missing_branches": []}, "": {"executed_lines": [2, 44, 45, 47, 53], "summary": {"covered_lines": 4, "num_statements": 7, "percent_covered": 57.142857142857146, "percent_covered_display": "57", "missing_lines": 3, "excluded_lines": 0, "num_branches": 0, "num_partial_branches": 0, "covered_branches": 0, "missing_branches": 0}, "missing_lines": [48, 49, 50], "excluded_lines": [], "executed_branches": [], "missing_branches": []}}, "classes": {"": {"executed_lines": [2, 44, 45, 47, 53], "summary": {"covered_lines": 4, "num_statements": 10, "percent_covered": 40.0, "percent_covered_display": "40", "missing_lines": 6, "excluded_lines": 0, "num_branches": 0, "num_partial_branches": 0, "covered_branches": 0, "missing_branches": 0}, "missing_lines": [48, 49, 50, 55, 56, 57], "excluded_lines": [], "executed_branches": [], "missing_branches": []}}}, "src/core/mail_proxy/entities/__init__.py": {"executed_lines": [2, 38, 39, 40, 41, 42, 43, 45], "summary": {"covered_lines": 7, "num_statements": 7, "percent_covered": 100.0, "percent_covered_display": "100", "missing_lines": 0, "excluded_lines": 0, "num_branches": 0, "num_partial_branches": 0, "covered_branches": 0, "missing_branches": 0}, "missing_lines": [], "excluded_lines": [], "executed_branches": [], "missing_branches": [], "functions": {"": {"executed_lines": [2, 38, 39, 40, 41, 42, 43, 45], "summary": {"covered_lines": 7, "num_statements": 7, "percent_covered": 100.0, "percent_covered_display": "100", "missing_lines": 0, "excluded_lines": 0, "num_branches": 0, "num_partial_branches": 0, "covered_branches": 0, "missing_branches": 0}, "missing_lines": [], "excluded_lines": [], "executed_branches": [], "missing_branches": []}}, "classes": {"": {"executed_lines": [2, 38, 39, 40, 41, 42, 43, 45], "summary": {"covered_lines": 7, "num_statements": 7, "percent_covered": 100.0, "percent_covered_display": "100", "missing_lines": 0, "excluded_lines": 0, "num_branches": 0, "num_partial_branches": 0, "covered_branches": 0, "missing_branches": 0}, "missing_lines": [], "excluded_lines": [], "executed_branches": [], "missing_branches": []}}}, "src/core/mail_proxy/entities/account/__init__.py": {"executed_lines": [2, 37, 38, 40], "summary": {"covered_lines": 3, "num_statements": 3, "percent_covered": 100.0, "percent_covered_display": "100", "missing_lines": 0, "excluded_lines": 0, "num_branches": 0, "num_partial_branches": 0, "covered_branches": 0, "missing_branches": 0}, "missing_lines": [], "excluded_lines": [], "executed_branches": [], "missing_branches": [], "functions": {"": {"executed_lines": [2, 37, 38, 40], "summary": {"covered_lines": 3, "num_statements": 3, "percent_covered": 100.0, "percent_covered_display": "100", "missing_lines": 0, "excluded_lines": 0, "num_branches": 0, "num_partial_branches": 0, "covered_branches": 0, "missing_branches": 0}, "missing_lines": [], "excluded_lines": [], "executed_branches": [], "missing_branches": []}}, "classes": {"": {"executed_lines": [2, 37, 38, 40], "summary": {"covered_lines": 3, "num_statements": 3, "percent_covered": 100.0, "percent_covered_display": "100", "missing_lines": 0, "excluded_lines": 0, "num_branches": 0, "num_partial_branches": 0, "covered_branches": 0, "missing_branches": 0}, "missing_lines": [], "excluded_lines": [], "executed_branches": [], "missing_branches": []}}}, "src/core/mail_proxy/entities/account/endpoint.py": {"executed_lines": [2, 31, 33, 35, 37, 41, 42, 71, 73, 81, 82, 125, 140, 151, 152, 162], "summary": {"covered_lines": 12, "num_statements": 19, "percent_covered": 63.1578947368421, "percent_covered_display": "63", "missing_lines": 7, "excluded_lines": 3, "num_branches": 0, "num_partial_branches": 0, "covered_branches": 0, "missing_branches": 0}, "missing_lines": [79, 121, 122, 123, 138, 149, 159], "excluded_lines": [35, 37, 38], "executed_branches": [], "missing_branches": [], "functions": {"AccountEndpoint.__init__": {"executed_lines": [], "summary": {"covered_lines": 0, "num_statements": 1, "percent_covered": 0.0, "percent_covered_display": "0", "missing_lines": 1, "excluded_lines": 0, "num_branches": 0, "num_partial_branches": 0, "covered_branches": 0, "missing_branches": 0}, "missing_lines": [79], "excluded_lines": [], "executed_branches": [], "missing_branches": []}, "AccountEndpoint.add": {"executed_lines": [], "summary": {"covered_lines": 0, "num_statements": 3, "percent_covered": 0.0, "percent_covered_display": "0", "missing_lines": 3, "excluded_lines": 0, "num_branches": 0, "num_partial_branches": 0, "covered_branches": 0, "missing_branches": 0}, "missing_lines": [121, 122, 123], "excluded_lines": [], "executed_branches": [], "missing_branches": []}, "AccountEndpoint.get": {"executed_lines": [], "summary": {"covered_lines": 0, "num_statements": 1, "percent_covered": 0.0, "percent_covered_display": "0", "missing_lines": 1, "excluded_lines": 0, "num_branches": 0, "num_partial_branches": 0, "covered_branches": 0, "missing_branches": 0}, "missing_lines": [138], "excluded_lines": [], "executed_branches": [], "missing_branches": []}, "AccountEndpoint.list": {"executed_lines": [], "summary": {"covered_lines": 0, "num_statements": 1, "percent_covered": 0.0, "percent_covered_display": "0", "missing_lines": 1, "excluded_lines": 0, "num_branches": 0, "num_partial_branches": 0, "covered_branches": 0, "missing_branches": 0}, "missing_lines": [149], "excluded_lines": [], "executed_branches": [], "missing_branches": []}, "AccountEndpoint.delete": {"executed_lines": [], "summary": {"covered_lines": 0, "num_statements": 1, "percent_covered": 0.0, "percent_covered_display": "0", "missing_lines": 1, "excluded_lines": 0, "num_branches": 0, "num_partial_branches": 0, "covered_branches": 0, "missing_branches": 0}, "missing_lines": [159], "excluded_lines": [], "executed_branches": [], "missing_branches": []}, "": {"executed_lines": [2, 31, 33, 35, 37, 41, 42, 71, 73, 81, 82, 125, 140, 151, 152, 162], "summary": {"covered_lines": 12, "num_statements": 12, "percent_covered": 100.0, "percent_covered_display": "100", "missing_lines": 0, "excluded_lines": 3, "num_branches": 0, "num_partial_branches": 0, "covered_branches": 0, "missing_branches": 0}, "missing_lines": [], "excluded_lines": [35, 37, 38], "executed_branches": [], "missing_branches": []}}, "classes": {"AccountEndpoint": {"executed_lines": [], "summary": {"covered_lines": 0, "num_statements": 7, "percent_covered": 0.0, "percent_covered_display": "0", "missing_lines": 7, "excluded_lines": 0, "num_branches": 0, "num_partial_branches": 0, "covered_branches": 0, "missing_branches": 0}, "missing_lines": [79, 121, 122, 123, 138, 149, 159], "excluded_lines": [], "executed_branches": [], "missing_branches": []}, "": {"executed_lines": [2, 31, 33, 35, 37, 41, 42, 71, 73, 81, 82, 125, 140, 151, 152, 162], "summary": {"covered_lines": 12, "num_statements": 12, "percent_covered": 100.0, "percent_covered_display": "100", "missing_lines": 0, "excluded_lines": 3, "num_branches": 0, "num_partial_branches": 0, "covered_branches": 0, "missing_branches": 0}, "missing_lines": [], "excluded_lines": [35, 37, 38], "executed_branches": [], "missing_branches": []}}}, "src/core/mail_proxy/entities/account/table.py": {"executed_lines": [2, 49, 51, 53, 55, 58, 59, 94, 95, 97, 112, 156, 257, 339, 366, 399, 412, 423, 437, 456], "summary": {"covered_lines": 18, "num_statements": 109, "percent_covered": 14.634146341463415, "percent_covered_display": "15", "missing_lines": 91, "excluded_lines": 0, "num_branches": 14, "num_partial_branches": 0, "covered_branches": 0, "missing_branches": 14}, "missing_lines": [107, 109, 110, 137, 138, 139, 140, 141, 142, 143, 144, 145, 146, 147, 148, 149, 150, 151, 152, 153, 177, 178, 179, 180, 181, 184, 185, 186, 187, 190, 222, 231, 232, 233, 234, 252, 253, 255, 296, 297, 299, 300, 302, 303, 306, 311, 312, 314, 315, 316, 317, 318, 319, 320, 321, 322, 323, 324, 325, 328, 329, 330, 331, 332, 333, 335, 337, 361, 362, 363, 364, 384, 392, 393, 395, 397, 410, 418, 419, 420, 421, 430, 432, 433, 434, 435, 445, 447, 448, 452, 453], "excluded_lines": [], "executed_branches": [], "missing_branches": [[231, 232], [231, 252], [311, 312], [311, 314], [328, 329], [328, 335], [362, 363], [362, 364], [392, 393], [392, 395], [418, 419], [418, 421], [432, 433], [432, 435]], "functions": {"AccountsTable.create_table_sql": {"executed_lines": [], "summary": {"covered_lines": 0, "num_statements": 3, "percent_covered": 0.0, "percent_covered_display": "0", "missing_lines": 3, "excluded_lines": 0, "num_branches": 0, "num_partial_branches": 0, "covered_branches": 0, "missing_branches": 0}, "missing_lines": [107, 109, 110], "excluded_lines": [], "executed_branches": [], "missing_branches": []}, "AccountsTable.configure": {"executed_lines": [], "summary": {"covered_lines": 0, "num_statements": 17, "percent_covered": 0.0, "percent_covered_display": "0", "missing_lines": 17, "excluded_lines": 0, "num_branches": 0, "num_partial_branches": 0, "covered_branches": 0, "missing_branches": 0}, "missing_lines": [137, 138, 139, 140, 141, 142, 143, 144, 145, 146, 147, 148, 149, 150, 151, 152, 153], "excluded_lines": [], "executed_branches": [], "missing_branches": []}, "AccountsTable.migrate_from_legacy_schema": {"executed_lines": [], "summary": {"covered_lines": 0, "num_statements": 18, "percent_covered": 0.0, "percent_covered_display": "0", "missing_lines": 18, "excluded_lines": 0, "num_branches": 2, "num_partial_branches": 0, "covered_branches": 0, "missing_branches": 2}, "missing_lines": [177, 178, 179, 180, 181, 184, 185, 186, 187, 190, 222, 231, 232, 233, 234, 252, 253, 255], "excluded_lines": [], "executed_branches": [], "missing_branches": [[231, 232], [231, 252]]}, "AccountsTable.add": {"executed_lines": [], "summary": {"covered_lines": 0, "num_statements": 29, "percent_covered": 0.0, "percent_covered_display": "0", "missing_lines": 29, "excluded_lines": 0, "num_branches": 4, "num_partial_branches": 0, "covered_branches": 0, "missing_branches": 4}, "missing_lines": [296, 297, 299, 300, 302, 303, 306, 311, 312, 314, 315, 316, 317, 318, 319, 320, 321, 322, 323, 324, 325, 328, 329, 330, 331, 332, 333, 335, 337], "excluded_lines": [], "executed_branches": [], "missing_branches": [[311, 312], [311, 314], [328, 329], [328, 335]]}, "AccountsTable.get": {"executed_lines": [], "summary": {"covered_lines": 0, "num_statements": 4, "percent_covered": 0.0, "percent_covered_display": "0", "missing_lines": 4, "excluded_lines": 0, "num_branches": 2, "num_partial_branches": 0, "covered_branches": 0, "missing_branches": 2}, "missing_lines": [361, 362, 363, 364], "excluded_lines": [], "executed_branches": [], "missing_branches": [[362, 363], [362, 364]]}, "AccountsTable.list_all": {"executed_lines": [], "summary": {"covered_lines": 0, "num_statements": 5, "percent_covered": 0.0, "percent_covered_display": "0", "missing_lines": 5, "excluded_lines": 0, "num_branches": 2, "num_partial_branches": 0, "covered_branches": 0, "missing_branches": 2}, "missing_lines": [384, 392, 393, 395, 397], "excluded_lines": [], "executed_branches": [], "missing_branches": [[392, 393], [392, 395]]}, "AccountsTable.remove": {"executed_lines": [], "summary": {"covered_lines": 0, "num_statements": 1, "percent_covered": 0.0, "percent_covered_display": "0", "missing_lines": 1, "excluded_lines": 0, "num_branches": 0, "num_partial_branches": 0, "covered_branches": 0, "missing_branches": 0}, "missing_lines": [410], "excluded_lines": [], "executed_branches": [], "missing_branches": []}, "AccountsTable._decode_use_tls": {"executed_lines": [], "summary": {"covered_lines": 0, "num_statements": 4, "percent_covered": 0.0, "percent_covered_display": "0", "missing_lines": 4, "excluded_lines": 0, "num_branches": 2, "num_partial_branches": 0, "covered_branches": 0, "missing_branches": 2}, "missing_lines": [418, 419, 420, 421], "excluded_lines": [], "executed_branches": [], "missing_branches": [[418, 419], [418, 421]]}, "AccountsTable._decode_account": {"executed_lines": [], "summary": {"covered_lines": 0, "num_statements": 5, "percent_covered": 0.0, "percent_covered_display": "0", "missing_lines": 5, "excluded_lines": 0, "num_branches": 2, "num_partial_branches": 0, "covered_branches": 0, "missing_branches": 2}, "missing_lines": [430, 432, 433, 434, 435], "excluded_lines": [], "executed_branches": [], "missing_branches": [[432, 433], [432, 435]]}, "AccountsTable.sync_schema": {"executed_lines": [], "summary": {"covered_lines": 0, "num_statements": 5, "percent_covered": 0.0, "percent_covered_display": "0", "missing_lines": 5, "excluded_lines": 0, "num_branches": 0, "num_partial_branches": 0, "covered_branches": 0, "missing_branches": 0}, "missing_lines": [445, 447, 448, 452, 453], "excluded_lines": [], "executed_branches": [], "missing_branches": []}, "": {"executed_lines": [2, 49, 51, 53, 55, 58, 59, 94, 95, 97, 112, 156, 257, 339, 366, 399, 412, 423, 437, 456], "summary": {"covered_lines": 18, "num_statements": 18, "percent_covered": 100.0, "percent_covered_display": "100", "missing_lines": 0, "excluded_lines": 0, "num_branches": 0, "num_partial_branches": 0, "covered_branches": 0, "missing_branches": 0}, "missing_lines": [], "excluded_lines": [], "executed_branches": [], "missing_branches": []}}, "classes": {"AccountsTable": {"executed_lines": [], "summary": {"covered_lines": 0, "num_statements": 91, "percent_covered": 0.0, "percent_covered_display": "0", "missing_lines": 91, "excluded_lines": 0, "num_branches": 14, "num_partial_branches": 0, "covered_branches": 0, "missing_branches": 14}, "missing_lines": [107, 109, 110, 137, 138, 139, 140, 141, 142, 143, 144, 145, 146, 147, 148, 149, 150, 151, 152, 153, 177, 178, 179, 180, 181, 184, 185, 186, 187, 190, 222, 231, 232, 233, 234, 252, 253, 255, 296, 297, 299, 300, 302, 303, 306, 311, 312, 314, 315, 316, 317, 318, 319, 320, 321, 322, 323, 324, 325, 328, 329, 330, 331, 332, 333, 335, 337, 361, 362, 363, 364, 384, 392, 393, 395, 397, 410, 418, 419, 420, 421, 430, 432, 433, 434, 435, 445, 447, 448, 452, 453], "excluded_lines": [], "executed_branches": [], "missing_branches": [[231, 232], [231, 252], [311, 312], [311, 314], [328, 329], [328, 335], [362, 363], [362, 364], [392, 393], [392, 395], [418, 419], [418, 421], [432, 433], [432, 435]]}, "": {"executed_lines": [2, 49, 51, 53, 55, 58, 59, 94, 95, 97, 112, 156, 257, 339, 366, 399, 412, 423, 437, 456], "summary": {"covered_lines": 18, "num_statements": 18, "percent_covered": 100.0, "percent_covered_display": "100", "missing_lines": 0, "excluded_lines": 0, "num_branches": 0, "num_partial_branches": 0, "covered_branches": 0, "missing_branches": 0}, "missing_lines": [], "excluded_lines": [], "executed_branches": [], "missing_branches": []}}}, "src/core/mail_proxy/entities/command_log/__init__.py": {"executed_lines": [2, 39, 40, 42], "summary": {"covered_lines": 3, "num_statements": 3, "percent_covered": 100.0, "percent_covered_display": "100", "missing_lines": 0, "excluded_lines": 0, "num_branches": 0, "num_partial_branches": 0, "covered_branches": 0, "missing_branches": 0}, "missing_lines": [], "excluded_lines": [], "executed_branches": [], "missing_branches": [], "functions": {"": {"executed_lines": [2, 39, 40, 42], "summary": {"covered_lines": 3, "num_statements": 3, "percent_covered": 100.0, "percent_covered_display": "100", "missing_lines": 0, "excluded_lines": 0, "num_branches": 0, "num_partial_branches": 0, "covered_branches": 0, "missing_branches": 0}, "missing_lines": [], "excluded_lines": [], "executed_branches": [], "missing_branches": []}}, "classes": {"": {"executed_lines": [2, 39, 40, 42], "summary": {"covered_lines": 3, "num_statements": 3, "percent_covered": 100.0, "percent_covered_display": "100", "missing_lines": 0, "excluded_lines": 0, "num_branches": 0, "num_partial_branches": 0, "covered_branches": 0, "missing_branches": 0}, "missing_lines": [], "excluded_lines": [], "executed_branches": [], "missing_branches": []}}}, "src/core/mail_proxy/entities/command_log/endpoint.py": {"executed_lines": [2, 24, 26, 28, 30, 34, 35, 56, 58, 66, 97, 114, 138, 139, 154], "summary": {"covered_lines": 11, "num_statements": 20, "percent_covered": 50.0, "percent_covered_display": "50", "missing_lines": 9, "excluded_lines": 3, "num_branches": 2, "num_partial_branches": 0, "covered_branches": 0, "missing_branches": 2}, "missing_lines": [64, 88, 109, 110, 111, 112, 132, 150, 151], "excluded_lines": [28, 30, 31], "executed_branches": [], "missing_branches": [[110, 111], [110, 112]], "functions": {"CommandLogEndpoint.__init__": {"executed_lines": [], "summary": {"covered_lines": 0, "num_statements": 1, "percent_covered": 0.0, "percent_covered_display": "0", "missing_lines": 1, "excluded_lines": 0, "num_branches": 0, "num_partial_branches": 0, "covered_branches": 0, "missing_branches": 0}, "missing_lines": [64], "excluded_lines": [], "executed_branches": [], "missing_branches": []}, "CommandLogEndpoint.list": {"executed_lines": [], "summary": {"covered_lines": 0, "num_statements": 1, "percent_covered": 0.0, "percent_covered_display": "0", "missing_lines": 1, "excluded_lines": 0, "num_branches": 0, "num_partial_branches": 0, "covered_branches": 0, "missing_branches": 0}, "missing_lines": [88], "excluded_lines": [], "executed_branches": [], "missing_branches": []}, "CommandLogEndpoint.get": {"executed_lines": [], "summary": {"covered_lines": 0, "num_statements": 4, "percent_covered": 0.0, "percent_covered_display": "0", "missing_lines": 4, "excluded_lines": 0, "num_branches": 2, "num_partial_branches": 0, "covered_branches": 0, "missing_branches": 2}, "missing_lines": [109, 110, 111, 112], "excluded_lines": [], "executed_branches": [], "missing_branches": [[110, 111], [110, 112]]}, "CommandLogEndpoint.export": {"executed_lines": [], "summary": {"covered_lines": 0, "num_statements": 1, "percent_covered": 0.0, "percent_covered_display": "0", "missing_lines": 1, "excluded_lines": 0, "num_branches": 0, "num_partial_branches": 0, "covered_branches": 0, "missing_branches": 0}, "missing_lines": [132], "excluded_lines": [], "executed_branches": [], "missing_branches": []}, "CommandLogEndpoint.purge": {"executed_lines": [], "summary": {"covered_lines": 0, "num_statements": 2, "percent_covered": 0.0, "percent_covered_display": "0", "missing_lines": 2, "excluded_lines": 0, "num_branches": 0, "num_partial_branches": 0, "covered_branches": 0, "missing_branches": 0}, "missing_lines": [150, 151], "excluded_lines": [], "executed_branches": [], "missing_branches": []}, "": {"executed_lines": [2, 24, 26, 28, 30, 34, 35, 56, 58, 66, 97, 114, 138, 139, 154], "summary": {"covered_lines": 11, "num_statements": 11, "percent_covered": 100.0, "percent_covered_display": "100", "missing_lines": 0, "excluded_lines": 3, "num_branches": 0, "num_partial_branches": 0, "covered_branches": 0, "missing_branches": 0}, "missing_lines": [], "excluded_lines": [28, 30, 31], "executed_branches": [], "missing_branches": []}}, "classes": {"CommandLogEndpoint": {"executed_lines": [], "summary": {"covered_lines": 0, "num_statements": 9, "percent_covered": 0.0, "percent_covered_display": "0", "missing_lines": 9, "excluded_lines": 0, "num_branches": 2, "num_partial_branches": 0, "covered_branches": 0, "missing_branches": 2}, "missing_lines": [64, 88, 109, 110, 111, 112, 132, 150, 151], "excluded_lines": [], "executed_branches": [], "missing_branches": [[110, 111], [110, 112]]}, "": {"executed_lines": [2, 24, 26, 28, 30, 34, 35, 56, 58, 66, 97, 114, 138, 139, 154], "summary": {"covered_lines": 11, "num_statements": 11, "percent_covered": 100.0, "percent_covered_display": "100", "missing_lines": 0, "excluded_lines": 3, "num_branches": 0, "num_partial_branches": 0, "covered_branches": 0, "missing_branches": 0}, "missing_lines": [], "excluded_lines": [28, 30, 31], "executed_branches": [], "missing_branches": []}}}, "src/core/mail_proxy/entities/command_log/table.py": {"executed_lines": [2, 46, 48, 49, 50, 52, 55, 56, 93, 94, 96, 100, 121, 168, 250, 283, 330, 365], "summary": {"covered_lines": 16, "num_statements": 82, "percent_covered": 15.384615384615385, "percent_covered_display": "15", "missing_lines": 66, "excluded_lines": 1, "num_branches": 22, "num_partial_branches": 0, "covered_branches": 0, "missing_branches": 22}, "missing_lines": [98, 112, 113, 114, 115, 116, 117, 118, 119, 154, 156, 165, 166, 204, 205, 207, 208, 209, 210, 211, 212, 213, 214, 215, 216, 217, 218, 220, 222, 233, 234, 235, 237, 238, 239, 240, 241, 242, 243, 244, 245, 246, 247, 248, 259, 267, 268, 270, 271, 272, 273, 274, 275, 276, 277, 278, 279, 280, 281, 313, 320, 351, 355, 357, 358, 362], "excluded_lines": [56], "executed_branches": [], "missing_branches": [[207, 208], [207, 210], [210, 211], [210, 213], [213, 214], [213, 216], [216, 217], [216, 220], [234, 235], [234, 248], [237, 238], [237, 242], [242, 243], [242, 247], [267, 268], [267, 270], [271, 272], [271, 276], [276, 277], [276, 281], [357, 358], [357, 362]], "functions": {"CommandLogTable.new_pkey_value": {"executed_lines": [], "summary": {"covered_lines": 0, "num_statements": 1, "percent_covered": 0.0, "percent_covered_display": "0", "missing_lines": 1, "excluded_lines": 0, "num_branches": 0, "num_partial_branches": 0, "covered_branches": 0, "missing_branches": 0}, "missing_lines": [98], "excluded_lines": [], "executed_branches": [], "missing_branches": []}, "CommandLogTable.configure": {"executed_lines": [], "summary": {"covered_lines": 0, "num_statements": 8, "percent_covered": 0.0, "percent_covered_display": "0", "missing_lines": 8, "excluded_lines": 0, "num_branches": 0, "num_partial_branches": 0, "covered_branches": 0, "missing_branches": 0}, "missing_lines": [112, 113, 114, 115, 116, 117, 118, 119], "excluded_lines": [], "executed_branches": [], "missing_branches": []}, "CommandLogTable.log_command": {"executed_lines": [], "summary": {"covered_lines": 0, "num_statements": 4, "percent_covered": 0.0, "percent_covered_display": "0", "missing_lines": 4, "excluded_lines": 0, "num_branches": 0, "num_partial_branches": 0, "covered_branches": 0, "missing_branches": 0}, "missing_lines": [154, 156, 165, 166], "excluded_lines": [], "executed_branches": [], "missing_branches": []}, "CommandLogTable.list_commands": {"executed_lines": [], "summary": {"covered_lines": 0, "num_statements": 31, "percent_covered": 0.0, "percent_covered_display": "0", "missing_lines": 31, "excluded_lines": 0, "num_branches": 14, "num_partial_branches": 0, "covered_branches": 0, "missing_branches": 14}, "missing_lines": [204, 205, 207, 208, 209, 210, 211, 212, 213, 214, 215, 216, 217, 218, 220, 222, 233, 234, 235, 237, 238, 239, 240, 241, 242, 243, 244, 245, 246, 247, 248], "excluded_lines": [], "executed_branches": [], "missing_branches": [[207, 208], [207, 210], [210, 211], [210, 213], [213, 214], [213, 216], [216, 217], [216, 220], [234, 235], [234, 248], [237, 238], [237, 242], [242, 243], [242, 247]]}, "CommandLogTable.get_command": {"executed_lines": [], "summary": {"covered_lines": 0, "num_statements": 15, "percent_covered": 0.0, "percent_covered_display": "0", "missing_lines": 15, "excluded_lines": 0, "num_branches": 6, "num_partial_branches": 0, "covered_branches": 0, "missing_branches": 6}, "missing_lines": [259, 267, 268, 270, 271, 272, 273, 274, 275, 276, 277, 278, 279, 280, 281], "excluded_lines": [], "executed_branches": [], "missing_branches": [[267, 268], [267, 270], [271, 272], [271, 276], [276, 277], [276, 281]]}, "CommandLogTable.export_commands": {"executed_lines": [], "summary": {"covered_lines": 0, "num_statements": 2, "percent_covered": 0.0, "percent_covered_display": "0", "missing_lines": 2, "excluded_lines": 0, "num_branches": 0, "num_partial_branches": 0, "covered_branches": 0, "missing_branches": 0}, "missing_lines": [313, 320], "excluded_lines": [], "executed_branches": [], "missing_branches": []}, "CommandLogTable.purge_before": {"executed_lines": [], "summary": {"covered_lines": 0, "num_statements": 5, "percent_covered": 0.0, "percent_covered_display": "0", "missing_lines": 5, "excluded_lines": 0, "num_branches": 2, "num_partial_branches": 0, "covered_branches": 0, "missing_branches": 2}, "missing_lines": [351, 355, 357, 358, 362], "excluded_lines": [], "executed_branches": [], "missing_branches": [[357, 358], [357, 362]]}, "": {"executed_lines": [2, 46, 48, 49, 50, 52, 55, 56, 93, 94, 96, 100, 121, 168, 250, 283, 330, 365], "summary": {"covered_lines": 16, "num_statements": 16, "percent_covered": 100.0, "percent_covered_display": "100", "missing_lines": 0, "excluded_lines": 1, "num_branches": 0, "num_partial_branches": 0, "covered_branches": 0, "missing_branches": 0}, "missing_lines": [], "excluded_lines": [56], "executed_branches": [], "missing_branches": []}}, "classes": {"CommandLogTable": {"executed_lines": [], "summary": {"covered_lines": 0, "num_statements": 66, "percent_covered": 0.0, "percent_covered_display": "0", "missing_lines": 66, "excluded_lines": 0, "num_branches": 22, "num_partial_branches": 0, "covered_branches": 0, "missing_branches": 22}, "missing_lines": [98, 112, 113, 114, 115, 116, 117, 118, 119, 154, 156, 165, 166, 204, 205, 207, 208, 209, 210, 211, 212, 213, 214, 215, 216, 217, 218, 220, 222, 233, 234, 235, 237, 238, 239, 240, 241, 242, 243, 244, 245, 246, 247, 248, 259, 267, 268, 270, 271, 272, 273, 274, 275, 276, 277, 278, 279, 280, 281, 313, 320, 351, 355, 357, 358, 362], "excluded_lines": [], "executed_branches": [], "missing_branches": [[207, 208], [207, 210], [210, 211], [210, 213], [213, 214], [213, 216], [216, 217], [216, 220], [234, 235], [234, 248], [237, 238], [237, 242], [242, 243], [242, 247], [267, 268], [267, 270], [271, 272], [271, 276], [276, 277], [276, 281], [357, 358], [357, 362]]}, "": {"executed_lines": [2, 46, 48, 49, 50, 52, 55, 56, 93, 94, 96, 100, 121, 168, 250, 283, 330, 365], "summary": {"covered_lines": 16, "num_statements": 16, "percent_covered": 100.0, "percent_covered_display": "100", "missing_lines": 0, "excluded_lines": 1, "num_branches": 0, "num_partial_branches": 0, "covered_branches": 0, "missing_branches": 0}, "missing_lines": [], "excluded_lines": [56], "executed_branches": [], "missing_branches": []}}}, "src/core/mail_proxy/entities/instance/__init__.py": {"executed_lines": [2, 40, 41, 43], "summary": {"covered_lines": 3, "num_statements": 3, "percent_covered": 100.0, "percent_covered_display": "100", "missing_lines": 0, "excluded_lines": 0, "num_branches": 0, "num_partial_branches": 0, "covered_branches": 0, "missing_branches": 0}, "missing_lines": [], "excluded_lines": [], "executed_branches": [], "missing_branches": [], "functions": {"": {"executed_lines": [2, 40, 41, 43], "summary": {"covered_lines": 3, "num_statements": 3, "percent_covered": 100.0, "percent_covered_display": "100", "missing_lines": 0, "excluded_lines": 0, "num_branches": 0, "num_partial_branches": 0, "covered_branches": 0, "missing_branches": 0}, "missing_lines": [], "excluded_lines": [], "executed_branches": [], "missing_branches": []}}, "classes": {"": {"executed_lines": [2, 40, 41, 43], "summary": {"covered_lines": 3, "num_statements": 3, "percent_covered": 100.0, "percent_covered_display": "100", "missing_lines": 0, "excluded_lines": 0, "num_branches": 0, "num_partial_branches": 0, "covered_branches": 0, "missing_branches": 0}, "missing_lines": [], "excluded_lines": [], "executed_branches": [], "missing_branches": []}}}, "src/core/mail_proxy/entities/instance/endpoint.py": {"executed_lines": [2, 34, 36, 38, 40, 44, 45, 70, 72, 84, 102, 117, 118, 136, 137, 162, 163, 188, 199, 200, 228, 246, 247, 292], "summary": {"covered_lines": 20, "num_statements": 69, "percent_covered": 20.61855670103093, "percent_covered_display": "21", "missing_lines": 49, "excluded_lines": 4, "num_branches": 28, "num_partial_branches": 0, "covered_branches": 0, "missing_branches": 28}, "missing_lines": [81, 82, 100, 112, 113, 114, 115, 131, 132, 133, 134, 154, 155, 159, 160, 180, 181, 185, 186, 194, 195, 196, 197, 216, 217, 218, 219, 220, 221, 222, 224, 225, 226, 241, 242, 243, 244, 266, 267, 270, 271, 274, 277, 278, 279, 280, 281, 282, 289], "excluded_lines": [38, 40, 41, 264], "executed_branches": [], "missing_branches": [[113, 114], [113, 115], [131, 132], [131, 134], [154, 155], [154, 160], [180, 181], [180, 186], [195, 196], [195, 197], [217, 218], [217, 219], [219, 220], [219, 221], [221, 222], [221, 224], [224, 225], [224, 226], [241, 242], [241, 244], [266, 267], [266, 270], [270, 271], [270, 274], [277, 278], [277, 289], [280, 281], [280, 289]], "functions": {"InstanceEndpoint.__init__": {"executed_lines": [], "summary": {"covered_lines": 0, "num_statements": 2, "percent_covered": 0.0, "percent_covered_display": "0", "missing_lines": 2, "excluded_lines": 0, "num_branches": 0, "num_partial_branches": 0, "covered_branches": 0, "missing_branches": 0}, "missing_lines": [81, 82], "excluded_lines": [], "executed_branches": [], "missing_branches": []}, "InstanceEndpoint.health": {"executed_lines": [], "summary": {"covered_lines": 0, "num_statements": 1, "percent_covered": 0.0, "percent_covered_display": "0", "missing_lines": 1, "excluded_lines": 0, "num_branches": 0, "num_partial_branches": 0, "covered_branches": 0, "missing_branches": 0}, "missing_lines": [100], "excluded_lines": [], "executed_branches": [], "missing_branches": []}, "InstanceEndpoint.status": {"executed_lines": [], "summary": {"covered_lines": 0, "num_statements": 4, "percent_covered": 0.0, "percent_covered_display": "0", "missing_lines": 4, "excluded_lines": 0, "num_branches": 2, "num_partial_branches": 0, "covered_branches": 0, "missing_branches": 2}, "missing_lines": [112, 113, 114, 115], "excluded_lines": [], "executed_branches": [], "missing_branches": [[113, 114], [113, 115]]}, "InstanceEndpoint.run_now": {"executed_lines": [], "summary": {"covered_lines": 0, "num_statements": 4, "percent_covered": 0.0, "percent_covered_display": "0", "missing_lines": 4, "excluded_lines": 0, "num_branches": 2, "num_partial_branches": 0, "covered_branches": 0, "missing_branches": 2}, "missing_lines": [131, 132, 133, 134], "excluded_lines": [], "executed_branches": [], "missing_branches": [[131, 132], [131, 134]]}, "InstanceEndpoint.suspend": {"executed_lines": [], "summary": {"covered_lines": 0, "num_statements": 4, "percent_covered": 0.0, "percent_covered_display": "0", "missing_lines": 4, "excluded_lines": 0, "num_branches": 2, "num_partial_branches": 0, "covered_branches": 0, "missing_branches": 2}, "missing_lines": [154, 155, 159, 160], "excluded_lines": [], "executed_branches": [], "missing_branches": [[154, 155], [154, 160]]}, "InstanceEndpoint.activate": {"executed_lines": [], "summary": {"covered_lines": 0, "num_statements": 4, "percent_covered": 0.0, "percent_covered_display": "0", "missing_lines": 4, "excluded_lines": 0, "num_branches": 2, "num_partial_branches": 0, "covered_branches": 0, "missing_branches": 2}, "missing_lines": [180, 181, 185, 186], "excluded_lines": [], "executed_branches": [], "missing_branches": [[180, 181], [180, 186]]}, "InstanceEndpoint.get": {"executed_lines": [], "summary": {"covered_lines": 0, "num_statements": 4, "percent_covered": 0.0, "percent_covered_display": "0", "missing_lines": 4, "excluded_lines": 0, "num_branches": 2, "num_partial_branches": 0, "covered_branches": 0, "missing_branches": 2}, "missing_lines": [194, 195, 196, 197], "excluded_lines": [], "executed_branches": [], "missing_branches": [[195, 196], [195, 197]]}, "InstanceEndpoint.update": {"executed_lines": [], "summary": {"covered_lines": 0, "num_statements": 10, "percent_covered": 0.0, "percent_covered_display": "0", "missing_lines": 10, "excluded_lines": 0, "num_branches": 8, "num_partial_branches": 0, "covered_branches": 0, "missing_branches": 8}, "missing_lines": [216, 217, 218, 219, 220, 221, 222, 224, 225, 226], "excluded_lines": [], "executed_branches": [], "missing_branches": [[217, 218], [217, 219], [219, 220], [219, 221], [221, 222], [221, 224], [224, 225], [224, 226]]}, "InstanceEndpoint.get_sync_status": {"executed_lines": [], "summary": {"covered_lines": 0, "num_statements": 4, "percent_covered": 0.0, "percent_covered_display": "0", "missing_lines": 4, "excluded_lines": 0, "num_branches": 2, "num_partial_branches": 0, "covered_branches": 0, "missing_branches": 2}, "missing_lines": [241, 242, 243, 244], "excluded_lines": [], "executed_branches": [], "missing_branches": [[241, 242], [241, 244]]}, "InstanceEndpoint.upgrade_to_ee": {"executed_lines": [], "summary": {"covered_lines": 0, "num_statements": 12, "percent_covered": 0.0, "percent_covered_display": "0", "missing_lines": 12, "excluded_lines": 1, "num_branches": 8, "num_partial_branches": 0, "covered_branches": 0, "missing_branches": 8}, "missing_lines": [266, 267, 270, 271, 274, 277, 278, 279, 280, 281, 282, 289], "excluded_lines": [264], "executed_branches": [], "missing_branches": [[266, 267], [266, 270], [270, 271], [270, 274], [277, 278], [277, 289], [280, 281], [280, 289]]}, "": {"executed_lines": [2, 34, 36, 38, 40, 44, 45, 70, 72, 84, 102, 117, 118, 136, 137, 162, 163, 188, 199, 200, 228, 246, 247, 292], "summary": {"covered_lines": 20, "num_statements": 20, "percent_covered": 100.0, "percent_covered_display": "100", "missing_lines": 0, "excluded_lines": 3, "num_branches": 0, "num_partial_branches": 0, "covered_branches": 0, "missing_branches": 0}, "missing_lines": [], "excluded_lines": [38, 40, 41], "executed_branches": [], "missing_branches": []}}, "classes": {"InstanceEndpoint": {"executed_lines": [], "summary": {"covered_lines": 0, "num_statements": 49, "percent_covered": 0.0, "percent_covered_display": "0", "missing_lines": 49, "excluded_lines": 1, "num_branches": 28, "num_partial_branches": 0, "covered_branches": 0, "missing_branches": 28}, "missing_lines": [81, 82, 100, 112, 113, 114, 115, 131, 132, 133, 134, 154, 155, 159, 160, 180, 181, 185, 186, 194, 195, 196, 197, 216, 217, 218, 219, 220, 221, 222, 224, 225, 226, 241, 242, 243, 244, 266, 267, 270, 271, 274, 277, 278, 279, 280, 281, 282, 289], "excluded_lines": [264], "executed_branches": [], "missing_branches": [[113, 114], [113, 115], [131, 132], [131, 134], [154, 155], [154, 160], [180, 181], [180, 186], [195, 196], [195, 197], [217, 218], [217, 219], [219, 220], [219, 221], [221, 222], [221, 224], [224, 225], [224, 226], [241, 242], [241, 244], [266, 267], [266, 270], [270, 271], [270, 274], [277, 278], [277, 289], [280, 281], [280, 289]]}, "": {"executed_lines": [2, 34, 36, 38, 40, 44, 45, 70, 72, 84, 102, 117, 118, 136, 137, 162, 163, 188, 199, 200, 228, 246, 247, 292], "summary": {"covered_lines": 20, "num_statements": 20, "percent_covered": 100.0, "percent_covered_display": "100", "missing_lines": 0, "excluded_lines": 3, "num_branches": 0, "num_partial_branches": 0, "covered_branches": 0, "missing_branches": 0}, "missing_lines": [], "excluded_lines": [38, 40, 41], "executed_branches": [], "missing_branches": []}}}, "src/core/mail_proxy/entities/instance/table.py": {"executed_lines": [2, 44, 46, 48, 51, 52, 88, 89, 91, 115, 123, 137, 156, 165, 173, 182, 190, 199, 207, 221, 223, 254, 282, 309], "summary": {"covered_lines": 22, "num_statements": 72, "percent_covered": 25.58139534883721, "percent_covered_display": "26", "missing_lines": 50, "excluded_lines": 1, "num_branches": 14, "num_partial_branches": 0, "covered_branches": 0, "missing_branches": 14}, "missing_lines": [106, 107, 108, 109, 110, 111, 112, 113, 121, 131, 132, 133, 134, 135, 151, 152, 153, 154, 162, 163, 171, 179, 180, 188, 196, 197, 205, 216, 217, 218, 246, 247, 248, 250, 251, 252, 274, 275, 277, 278, 279, 280, 297, 298, 300, 301, 302, 304, 305, 306], "excluded_lines": [283], "executed_branches": [], "missing_branches": [[132, 133], [132, 135], [153, -137], [153, 154], [216, 217], [216, 218], [247, 248], [247, 250], [274, 275], [274, 277], [300, 301], [300, 304], [301, 300], [301, 302]], "functions": {"InstanceTable.configure": {"executed_lines": [], "summary": {"covered_lines": 0, "num_statements": 8, "percent_covered": 0.0, "percent_covered_display": "0", "missing_lines": 8, "excluded_lines": 0, "num_branches": 0, "num_partial_branches": 0, "covered_branches": 0, "missing_branches": 0}, "missing_lines": [106, 107, 108, 109, 110, 111, 112, 113], "excluded_lines": [], "executed_branches": [], "missing_branches": []}, "InstanceTable.get_instance": {"executed_lines": [], "summary": {"covered_lines": 0, "num_statements": 1, "percent_covered": 0.0, "percent_covered_display": "0", "missing_lines": 1, "excluded_lines": 0, "num_branches": 0, "num_partial_branches": 0, "covered_branches": 0, "missing_branches": 0}, "missing_lines": [121], "excluded_lines": [], "executed_branches": [], "missing_branches": []}, "InstanceTable.ensure_instance": {"executed_lines": [], "summary": {"covered_lines": 0, "num_statements": 5, "percent_covered": 0.0, "percent_covered_display": "0", "missing_lines": 5, "excluded_lines": 0, "num_branches": 2, "num_partial_branches": 0, "covered_branches": 0, "missing_branches": 2}, "missing_lines": [131, 132, 133, 134, 135], "excluded_lines": [], "executed_branches": [], "missing_branches": [[132, 133], [132, 135]]}, "InstanceTable.update_instance": {"executed_lines": [], "summary": {"covered_lines": 0, "num_statements": 4, "percent_covered": 0.0, "percent_covered_display": "0", "missing_lines": 4, "excluded_lines": 0, "num_branches": 2, "num_partial_branches": 0, "covered_branches": 0, "missing_branches": 2}, "missing_lines": [151, 152, 153, 154], "excluded_lines": [], "executed_branches": [], "missing_branches": [[153, -137], [153, 154]]}, "InstanceTable.get_name": {"executed_lines": [], "summary": {"covered_lines": 0, "num_statements": 2, "percent_covered": 0.0, "percent_covered_display": "0", "missing_lines": 2, "excluded_lines": 0, "num_branches": 0, "num_partial_branches": 0, "covered_branches": 0, "missing_branches": 0}, "missing_lines": [162, 163], "excluded_lines": [], "executed_branches": [], "missing_branches": []}, "InstanceTable.set_name": {"executed_lines": [], "summary": {"covered_lines": 0, "num_statements": 1, "percent_covered": 0.0, "percent_covered_display": "0", "missing_lines": 1, "excluded_lines": 0, "num_branches": 0, "num_partial_branches": 0, "covered_branches": 0, "missing_branches": 0}, "missing_lines": [171], "excluded_lines": [], "executed_branches": [], "missing_branches": []}, "InstanceTable.get_api_token": {"executed_lines": [], "summary": {"covered_lines": 0, "num_statements": 2, "percent_covered": 0.0, "percent_covered_display": "0", "missing_lines": 2, "excluded_lines": 0, "num_branches": 0, "num_partial_branches": 0, "covered_branches": 0, "missing_branches": 0}, "missing_lines": [179, 180], "excluded_lines": [], "executed_branches": [], "missing_branches": []}, "InstanceTable.set_api_token": {"executed_lines": [], "summary": {"covered_lines": 0, "num_statements": 1, "percent_covered": 0.0, "percent_covered_display": "0", "missing_lines": 1, "excluded_lines": 0, "num_branches": 0, "num_partial_branches": 0, "covered_branches": 0, "missing_branches": 0}, "missing_lines": [188], "excluded_lines": [], "executed_branches": [], "missing_branches": []}, "InstanceTable.get_edition": {"executed_lines": [], "summary": {"covered_lines": 0, "num_statements": 2, "percent_covered": 0.0, "percent_covered_display": "0", "missing_lines": 2, "excluded_lines": 0, "num_branches": 0, "num_partial_branches": 0, "covered_branches": 0, "missing_branches": 0}, "missing_lines": [196, 197], "excluded_lines": [], "executed_branches": [], "missing_branches": []}, "InstanceTable.is_enterprise": {"executed_lines": [], "summary": {"covered_lines": 0, "num_statements": 1, "percent_covered": 0.0, "percent_covered_display": "0", "missing_lines": 1, "excluded_lines": 0, "num_branches": 0, "num_partial_branches": 0, "covered_branches": 0, "missing_branches": 0}, "missing_lines": [205], "excluded_lines": [], "executed_branches": [], "missing_branches": []}, "InstanceTable.set_edition": {"executed_lines": [], "summary": {"covered_lines": 0, "num_statements": 3, "percent_covered": 0.0, "percent_covered_display": "0", "missing_lines": 3, "excluded_lines": 0, "num_branches": 2, "num_partial_branches": 0, "covered_branches": 0, "missing_branches": 2}, "missing_lines": [216, 217, 218], "excluded_lines": [], "executed_branches": [], "missing_branches": [[216, 217], [216, 218]]}, "InstanceTable.get_config": {"executed_lines": [], "summary": {"covered_lines": 0, "num_statements": 6, "percent_covered": 0.0, "percent_covered_display": "0", "missing_lines": 6, "excluded_lines": 0, "num_branches": 2, "num_partial_branches": 0, "covered_branches": 0, "missing_branches": 2}, "missing_lines": [246, 247, 248, 250, 251, 252], "excluded_lines": [], "executed_branches": [], "missing_branches": [[247, 248], [247, 250]]}, "InstanceTable.set_config": {"executed_lines": [], "summary": {"covered_lines": 0, "num_statements": 6, "percent_covered": 0.0, "percent_covered_display": "0", "missing_lines": 6, "excluded_lines": 0, "num_branches": 2, "num_partial_branches": 0, "covered_branches": 0, "missing_branches": 2}, "missing_lines": [274, 275, 277, 278, 279, 280], "excluded_lines": [], "executed_branches": [], "missing_branches": [[274, 275], [274, 277]]}, "InstanceTable.get_all_config": {"executed_lines": [], "summary": {"covered_lines": 0, "num_statements": 8, "percent_covered": 0.0, "percent_covered_display": "0", "missing_lines": 8, "excluded_lines": 1, "num_branches": 4, "num_partial_branches": 0, "covered_branches": 0, "missing_branches": 4}, "missing_lines": [297, 298, 300, 301, 302, 304, 305, 306], "excluded_lines": [283], "executed_branches": [], "missing_branches": [[300, 301], [300, 304], [301, 300], [301, 302]]}, "": {"executed_lines": [2, 44, 46, 48, 51, 52, 88, 89, 91, 115, 123, 137, 156, 165, 173, 182, 190, 199, 207, 221, 223, 254, 282, 309], "summary": {"covered_lines": 22, "num_statements": 22, "percent_covered": 100.0, "percent_covered_display": "100", "missing_lines": 0, "excluded_lines": 0, "num_branches": 0, "num_partial_branches": 0, "covered_branches": 0, "missing_branches": 0}, "missing_lines": [], "excluded_lines": [], "executed_branches": [], "missing_branches": []}}, "classes": {"InstanceTable": {"executed_lines": [], "summary": {"covered_lines": 0, "num_statements": 50, "percent_covered": 0.0, "percent_covered_display": "0", "missing_lines": 50, "excluded_lines": 1, "num_branches": 14, "num_partial_branches": 0, "covered_branches": 0, "missing_branches": 14}, "missing_lines": [106, 107, 108, 109, 110, 111, 112, 113, 121, 131, 132, 133, 134, 135, 151, 152, 153, 154, 162, 163, 171, 179, 180, 188, 196, 197, 205, 216, 217, 218, 246, 247, 248, 250, 251, 252, 274, 275, 277, 278, 279, 280, 297, 298, 300, 301, 302, 304, 305, 306], "excluded_lines": [283], "executed_branches": [], "missing_branches": [[132, 133], [132, 135], [153, -137], [153, 154], [216, 217], [216, 218], [247, 248], [247, 250], [274, 275], [274, 277], [300, 301], [300, 304], [301, 300], [301, 302]]}, "": {"executed_lines": [2, 44, 46, 48, 51, 52, 88, 89, 91, 115, 123, 137, 156, 165, 173, 182, 190, 199, 207, 221, 223, 254, 282, 309], "summary": {"covered_lines": 22, "num_statements": 22, "percent_covered": 100.0, "percent_covered_display": "100", "missing_lines": 0, "excluded_lines": 0, "num_branches": 0, "num_partial_branches": 0, "covered_branches": 0, "missing_branches": 0}, "missing_lines": [], "excluded_lines": [], "executed_branches": [], "missing_branches": []}}}, "src/core/mail_proxy/entities/message/__init__.py": {"executed_lines": [2, 61, 67, 69], "summary": {"covered_lines": 3, "num_statements": 3, "percent_covered": 100.0, "percent_covered_display": "100", "missing_lines": 0, "excluded_lines": 0, "num_branches": 0, "num_partial_branches": 0, "covered_branches": 0, "missing_branches": 0}, "missing_lines": [], "excluded_lines": [], "executed_branches": [], "missing_branches": [], "functions": {"": {"executed_lines": [2, 61, 67, 69], "summary": {"covered_lines": 3, "num_statements": 3, "percent_covered": 100.0, "percent_covered_display": "100", "missing_lines": 0, "excluded_lines": 0, "num_branches": 0, "num_partial_branches": 0, "covered_branches": 0, "missing_branches": 0}, "missing_lines": [], "excluded_lines": [], "executed_branches": [], "missing_branches": []}}, "classes": {"": {"executed_lines": [2, 61, 67, 69], "summary": {"covered_lines": 3, "num_statements": 3, "percent_covered": 100.0, "percent_covered_display": "100", "missing_lines": 0, "excluded_lines": 0, "num_branches": 0, "num_partial_branches": 0, "covered_branches": 0, "missing_branches": 0}, "missing_lines": [], "excluded_lines": [], "executed_branches": [], "missing_branches": []}}}, "src/core/mail_proxy/entities/message/endpoint.py": {"executed_lines": [2, 26, 28, 29, 31, 33, 35, 39, 40, 48, 49, 50, 51, 54, 55, 63, 64, 65, 66, 69, 70, 93, 95, 96, 97, 98, 99, 100, 103, 104, 133, 135, 143, 144, 230, 248, 271, 272, 283, 291, 307, 308, 414, 415, 463, 487, 508], "summary": {"covered_lines": 40, "num_statements": 141, "percent_covered": 20.304568527918782, "percent_covered_display": "20", "missing_lines": 101, "excluded_lines": 5, "num_branches": 56, "num_partial_branches": 0, "covered_branches": 0, "missing_branches": 56}, "missing_lines": [141, 193, 200, 201, 202, 203, 204, 205, 206, 207, 208, 209, 210, 211, 212, 213, 215, 225, 226, 227, 228, 243, 244, 245, 246, 264, 269, 281, 289, 305, 346, 347, 349, 350, 351, 352, 353, 354, 356, 357, 358, 359, 361, 362, 363, 364, 366, 367, 368, 369, 371, 372, 373, 374, 376, 377, 378, 379, 381, 388, 389, 390, 392, 393, 394, 395, 396, 398, 408, 409, 410, 412, 435, 436, 437, 439, 441, 442, 443, 444, 445, 447, 448, 450, 451, 452, 454, 456, 481, 482, 483, 484, 485, 496, 497, 498, 500, 501, 502, 504, 505], "excluded_lines": [2, 33, 35, 36, 313], "executed_branches": [], "missing_branches": [[200, 201], [200, 202], [202, 203], [202, 204], [204, 205], [204, 206], [206, 207], [206, 208], [208, 209], [208, 210], [210, 211], [210, 212], [212, 213], [212, 215], [226, 227], [226, 228], [244, 245], [244, 246], [350, 351], [350, 408], [352, 353], [352, 356], [357, 358], [357, 361], [362, 363], [362, 366], [367, 368], [367, 371], [372, 373], [372, 376], [377, 378], [377, 381], [388, 389], [388, 392], [389, 388], [389, 390], [393, 394], [393, 395], [395, 396], [395, 398], [408, 409], [408, 412], [441, 442], [441, 456], [442, 443], [442, 450], [444, 445], [444, 447], [451, 452], [451, 454], [496, 497], [496, 501], [497, 498], [497, 500], [501, 502], [501, 504]], "functions": {"MessageEndpoint.__init__": {"executed_lines": [], "summary": {"covered_lines": 0, "num_statements": 1, "percent_covered": 0.0, "percent_covered_display": "0", "missing_lines": 1, "excluded_lines": 0, "num_branches": 0, "num_partial_branches": 0, "covered_branches": 0, "missing_branches": 0}, "missing_lines": [141], "excluded_lines": [], "executed_branches": [], "missing_branches": []}, "MessageEndpoint.add": {"executed_lines": [], "summary": {"covered_lines": 0, "num_statements": 20, "percent_covered": 0.0, "percent_covered_display": "0", "missing_lines": 20, "excluded_lines": 0, "num_branches": 16, "num_partial_branches": 0, "covered_branches": 0, "missing_branches": 16}, "missing_lines": [193, 200, 201, 202, 203, 204, 205, 206, 207, 208, 209, 210, 211, 212, 213, 215, 225, 226, 227, 228], "excluded_lines": [], "executed_branches": [], "missing_branches": [[200, 201], [200, 202], [202, 203], [202, 204], [204, 205], [204, 206], [206, 207], [206, 208], [208, 209], [208, 210], [210, 211], [210, 212], [212, 213], [212, 215], [226, 227], [226, 228]]}, "MessageEndpoint.get": {"executed_lines": [], "summary": {"covered_lines": 0, "num_statements": 4, "percent_covered": 0.0, "percent_covered_display": "0", "missing_lines": 4, "excluded_lines": 0, "num_branches": 2, "num_partial_branches": 0, "covered_branches": 0, "missing_branches": 2}, "missing_lines": [243, 244, 245, 246], "excluded_lines": [], "executed_branches": [], "missing_branches": [[244, 245], [244, 246]]}, "MessageEndpoint.list": {"executed_lines": [], "summary": {"covered_lines": 0, "num_statements": 2, "percent_covered": 0.0, "percent_covered_display": "0", "missing_lines": 2, "excluded_lines": 0, "num_branches": 0, "num_partial_branches": 0, "covered_branches": 0, "missing_branches": 0}, "missing_lines": [264, 269], "excluded_lines": [], "executed_branches": [], "missing_branches": []}, "MessageEndpoint.delete": {"executed_lines": [], "summary": {"covered_lines": 0, "num_statements": 1, "percent_covered": 0.0, "percent_covered_display": "0", "missing_lines": 1, "excluded_lines": 0, "num_branches": 0, "num_partial_branches": 0, "covered_branches": 0, "missing_branches": 0}, "missing_lines": [281], "excluded_lines": [], "executed_branches": [], "missing_branches": []}, "MessageEndpoint.count_active": {"executed_lines": [], "summary": {"covered_lines": 0, "num_statements": 1, "percent_covered": 0.0, "percent_covered_display": "0", "missing_lines": 1, "excluded_lines": 0, "num_branches": 0, "num_partial_branches": 0, "covered_branches": 0, "missing_branches": 0}, "missing_lines": [289], "excluded_lines": [], "executed_branches": [], "missing_branches": []}, "MessageEndpoint.count_pending_for_tenant": {"executed_lines": [], "summary": {"covered_lines": 0, "num_statements": 1, "percent_covered": 0.0, "percent_covered_display": "0", "missing_lines": 1, "excluded_lines": 0, "num_branches": 0, "num_partial_branches": 0, "covered_branches": 0, "missing_branches": 0}, "missing_lines": [305], "excluded_lines": [], "executed_branches": [], "missing_branches": []}, "MessageEndpoint.add_batch": {"executed_lines": [], "summary": {"covered_lines": 0, "num_statements": 42, "percent_covered": 0.0, "percent_covered_display": "0", "missing_lines": 42, "excluded_lines": 1, "num_branches": 24, "num_partial_branches": 0, "covered_branches": 0, "missing_branches": 24}, "missing_lines": [346, 347, 349, 350, 351, 352, 353, 354, 356, 357, 358, 359, 361, 362, 363, 364, 366, 367, 368, 369, 371, 372, 373, 374, 376, 377, 378, 379, 381, 388, 389, 390, 392, 393, 394, 395, 396, 398, 408, 409, 410, 412], "excluded_lines": [313], "executed_branches": [], "missing_branches": [[350, 351], [350, 408], [352, 353], [352, 356], [357, 358], [357, 361], [362, 363], [362, 366], [367, 368], [367, 371], [372, 373], [372, 376], [377, 378], [377, 381], [388, 389], [388, 392], [389, 388], [389, 390], [393, 394], [393, 395], [395, 396], [395, 398], [408, 409], [408, 412]]}, "MessageEndpoint.delete_batch": {"executed_lines": [], "summary": {"covered_lines": 0, "num_statements": 16, "percent_covered": 0.0, "percent_covered_display": "0", "missing_lines": 16, "excluded_lines": 0, "num_branches": 8, "num_partial_branches": 0, "covered_branches": 0, "missing_branches": 8}, "missing_lines": [435, 436, 437, 439, 441, 442, 443, 444, 445, 447, 448, 450, 451, 452, 454, 456], "excluded_lines": [], "executed_branches": [], "missing_branches": [[441, 442], [441, 456], [442, 443], [442, 450], [444, 445], [444, 447], [451, 452], [451, 454]]}, "MessageEndpoint.cleanup": {"executed_lines": [], "summary": {"covered_lines": 0, "num_statements": 5, "percent_covered": 0.0, "percent_covered_display": "0", "missing_lines": 5, "excluded_lines": 0, "num_branches": 0, "num_partial_branches": 0, "covered_branches": 0, "missing_branches": 0}, "missing_lines": [481, 482, 483, 484, 485], "excluded_lines": [], "executed_branches": [], "missing_branches": []}, "MessageEndpoint._add_status": {"executed_lines": [], "summary": {"covered_lines": 0, "num_statements": 8, "percent_covered": 0.0, "percent_covered_display": "0", "missing_lines": 8, "excluded_lines": 0, "num_branches": 6, "num_partial_branches": 0, "covered_branches": 0, "missing_branches": 6}, "missing_lines": [496, 497, 498, 500, 501, 502, 504, 505], "excluded_lines": [], "executed_branches": [], "missing_branches": [[496, 497], [496, 501], [497, 498], [497, 500], [501, 502], [501, 504]]}, "": {"executed_lines": [2, 26, 28, 29, 31, 33, 35, 39, 40, 48, 49, 50, 51, 54, 55, 63, 64, 65, 66, 69, 70, 93, 95, 96, 97, 98, 99, 100, 103, 104, 133, 135, 143, 144, 230, 248, 271, 272, 283, 291, 307, 308, 414, 415, 463, 487, 508], "summary": {"covered_lines": 40, "num_statements": 40, "percent_covered": 100.0, "percent_covered_display": "100", "missing_lines": 0, "excluded_lines": 4, "num_branches": 0, "num_partial_branches": 0, "covered_branches": 0, "missing_branches": 0}, "missing_lines": [], "excluded_lines": [2, 33, 35, 36], "executed_branches": [], "missing_branches": []}}, "classes": {"FetchMode": {"executed_lines": [], "summary": {"covered_lines": 0, "num_statements": 0, "percent_covered": 100.0, "percent_covered_display": "100", "missing_lines": 0, "excluded_lines": 0, "num_branches": 0, "num_partial_branches": 0, "covered_branches": 0, "missing_branches": 0}, "missing_lines": [], "excluded_lines": [], "executed_branches": [], "missing_branches": []}, "MessageStatus": {"executed_lines": [], "summary": {"covered_lines": 0, "num_statements": 0, "percent_covered": 100.0, "percent_covered_display": "100", "missing_lines": 0, "excluded_lines": 0, "num_branches": 0, "num_partial_branches": 0, "covered_branches": 0, "missing_branches": 0}, "missing_lines": [], "excluded_lines": [], "executed_branches": [], "missing_branches": []}, "AttachmentPayload": {"executed_lines": [], "summary": {"covered_lines": 0, "num_statements": 0, "percent_covered": 100.0, "percent_covered_display": "100", "missing_lines": 0, "excluded_lines": 0, "num_branches": 0, "num_partial_branches": 0, "covered_branches": 0, "missing_branches": 0}, "missing_lines": [], "excluded_lines": [], "executed_branches": [], "missing_branches": []}, "MessageEndpoint": {"executed_lines": [], "summary": {"covered_lines": 0, "num_statements": 101, "percent_covered": 0.0, "percent_covered_display": "0", "missing_lines": 101, "excluded_lines": 1, "num_branches": 56, "num_partial_branches": 0, "covered_branches": 0, "missing_branches": 56}, "missing_lines": [141, 193, 200, 201, 202, 203, 204, 205, 206, 207, 208, 209, 210, 211, 212, 213, 215, 225, 226, 227, 228, 243, 244, 245, 246, 264, 269, 281, 289, 305, 346, 347, 349, 350, 351, 352, 353, 354, 356, 357, 358, 359, 361, 362, 363, 364, 366, 367, 368, 369, 371, 372, 373, 374, 376, 377, 378, 379, 381, 388, 389, 390, 392, 393, 394, 395, 396, 398, 408, 409, 410, 412, 435, 436, 437, 439, 441, 442, 443, 444, 445, 447, 448, 450, 451, 452, 454, 456, 481, 482, 483, 484, 485, 496, 497, 498, 500, 501, 502, 504, 505], "excluded_lines": [313], "executed_branches": [], "missing_branches": [[200, 201], [200, 202], [202, 203], [202, 204], [204, 205], [204, 206], [206, 207], [206, 208], [208, 209], [208, 210], [210, 211], [210, 212], [212, 213], [212, 215], [226, 227], [226, 228], [244, 245], [244, 246], [350, 351], [350, 408], [352, 353], [352, 356], [357, 358], [357, 361], [362, 363], [362, 366], [367, 368], [367, 371], [372, 373], [372, 376], [377, 378], [377, 381], [388, 389], [388, 392], [389, 388], [389, 390], [393, 394], [393, 395], [395, 396], [395, 398], [408, 409], [408, 412], [441, 442], [441, 456], [442, 443], [442, 450], [444, 445], [444, 447], [451, 452], [451, 454], [496, 497], [496, 501], [497, 498], [497, 500], [501, 502], [501, 504]]}, "": {"executed_lines": [2, 26, 28, 29, 31, 33, 35, 39, 40, 48, 49, 50, 51, 54, 55, 63, 64, 65, 66, 69, 70, 93, 95, 96, 97, 98, 99, 100, 103, 104, 133, 135, 143, 144, 230, 248, 271, 272, 283, 291, 307, 308, 414, 415, 463, 487, 508], "summary": {"covered_lines": 40, "num_statements": 40, "percent_covered": 100.0, "percent_covered_display": "100", "missing_lines": 0, "excluded_lines": 4, "num_branches": 0, "num_partial_branches": 0, "covered_branches": 0, "missing_branches": 0}, "missing_lines": [], "excluded_lines": [2, 33, 35, 36], "executed_branches": [], "missing_branches": []}}}, "src/core/mail_proxy/entities/message/table.py": {"executed_lines": [2, 52, 54, 55, 56, 58, 59, 62, 63, 106, 107, 109, 122, 154, 213, 245, 360, 430, 443, 452, 463, 474, 484, 502, 519, 531, 539, 560, 591, 625, 658, 729, 770, 781, 817, 839], "summary": {"covered_lines": 34, "num_statements": 227, "percent_covered": 12.099644128113878, "percent_covered_display": "12", "missing_lines": 193, "excluded_lines": 2, "num_branches": 54, "num_partial_branches": 0, "covered_branches": 0, "missing_branches": 54}, "missing_lines": [118, 119, 120, 139, 140, 141, 142, 143, 144, 145, 146, 147, 148, 149, 150, 151, 152, 163, 164, 165, 166, 167, 169, 170, 171, 172, 174, 192, 196, 197, 198, 208, 209, 211, 221, 222, 223, 224, 226, 230, 231, 233, 243, 292, 293, 295, 296, 298, 299, 301, 302, 303, 304, 305, 307, 308, 309, 310, 311, 312, 313, 315, 316, 320, 321, 323, 328, 329, 330, 332, 333, 334, 335, 336, 337, 338, 339, 340, 342, 343, 356, 358, 388, 392, 394, 395, 396, 397, 398, 399, 401, 413, 414, 415, 417, 427, 428, 439, 440, 441, 449, 450, 459, 460, 461, 470, 471, 472, 481, 482, 494, 498, 499, 500, 511, 515, 516, 517, 528, 529, 537, 548, 549, 550, 552, 553, 554, 558, 572, 573, 575, 576, 577, 579, 589, 605, 637, 675, 676, 678, 689, 690, 700, 701, 703, 713, 714, 716, 717, 719, 721, 722, 724, 725, 727, 740, 741, 742, 744, 751, 753, 754, 755, 756, 757, 758, 759, 760, 761, 762, 763, 765, 766, 768, 776, 779, 793, 795, 796, 804, 806, 814, 815, 826, 827, 828, 829, 830, 831, 833, 834, 835, 836], "excluded_lines": [63, 252], "executed_branches": [], "missing_branches": [[196, 197], [196, 208], [230, 231], [230, 233], [292, 293], [292, 295], [295, 296], [295, 298], [301, 302], [301, 358], [304, 305], [304, 307], [315, 316], [315, 323], [320, 321], [320, 323], [328, 329], [328, 342], [329, 330], [329, 332], [394, 395], [394, 397], [397, 398], [397, 401], [498, 499], [498, 500], [515, 516], [515, 517], [549, 550], [549, 552], [572, 573], [572, 575], [689, 690], [689, 703], [713, 714], [713, 716], [716, 717], [716, 719], [724, 725], [724, 727], [754, 755], [754, 765], [756, 757], [756, 761], [762, 754], [762, 763], [765, 766], [765, 768], [795, 796], [795, 806], [827, 828], [827, 833], [834, 835], [834, 836]], "functions": {"MessagesTable.create_table_sql": {"executed_lines": [], "summary": {"covered_lines": 0, "num_statements": 3, "percent_covered": 0.0, "percent_covered_display": "0", "missing_lines": 3, "excluded_lines": 0, "num_branches": 0, "num_partial_branches": 0, "covered_branches": 0, "missing_branches": 0}, "missing_lines": [118, 119, 120], "excluded_lines": [], "executed_branches": [], "missing_branches": []}, "MessagesTable.configure": {"executed_lines": [], "summary": {"covered_lines": 0, "num_statements": 14, "percent_covered": 0.0, "percent_covered_display": "0", "missing_lines": 14, "excluded_lines": 0, "num_branches": 0, "num_partial_branches": 0, "covered_branches": 0, "missing_branches": 0}, "missing_lines": [139, 140, 141, 142, 143, 144, 145, 146, 147, 148, 149, 150, 151, 152], "excluded_lines": [], "executed_branches": [], "missing_branches": []}, "MessagesTable.migrate_from_legacy_schema": {"executed_lines": [], "summary": {"covered_lines": 0, "num_statements": 17, "percent_covered": 0.0, "percent_covered_display": "0", "missing_lines": 17, "excluded_lines": 0, "num_branches": 2, "num_partial_branches": 0, "covered_branches": 0, "missing_branches": 2}, "missing_lines": [163, 164, 165, 166, 167, 169, 170, 171, 172, 174, 192, 196, 197, 198, 208, 209, 211], "excluded_lines": [], "executed_branches": [], "missing_branches": [[196, 197], [196, 208]]}, "MessagesTable.migrate_account_pk": {"executed_lines": [], "summary": {"covered_lines": 0, "num_statements": 9, "percent_covered": 0.0, "percent_covered_display": "0", "missing_lines": 9, "excluded_lines": 0, "num_branches": 2, "num_partial_branches": 0, "covered_branches": 0, "missing_branches": 2}, "missing_lines": [221, 222, 223, 224, 226, 230, 231, 233, 243], "excluded_lines": [], "executed_branches": [], "missing_branches": [[230, 231], [230, 233]]}, "MessagesTable.insert_batch": {"executed_lines": [], "summary": {"covered_lines": 0, "num_statements": 39, "percent_covered": 0.0, "percent_covered_display": "0", "missing_lines": 39, "excluded_lines": 1, "num_branches": 16, "num_partial_branches": 0, "covered_branches": 0, "missing_branches": 16}, "missing_lines": [292, 293, 295, 296, 298, 299, 301, 302, 303, 304, 305, 307, 308, 309, 310, 311, 312, 313, 315, 316, 320, 321, 323, 328, 329, 330, 332, 333, 334, 335, 336, 337, 338, 339, 340, 342, 343, 356, 358], "excluded_lines": [252], "executed_branches": [], "missing_branches": [[292, 293], [292, 295], [295, 296], [295, 298], [301, 302], [301, 358], [304, 305], [304, 307], [315, 316], [315, 323], [320, 321], [320, 323], [328, 329], [328, 342], [329, 330], [329, 332]]}, "MessagesTable.fetch_ready": {"executed_lines": [], "summary": {"covered_lines": 0, "num_statements": 15, "percent_covered": 0.0, "percent_covered_display": "0", "missing_lines": 15, "excluded_lines": 0, "num_branches": 4, "num_partial_branches": 0, "covered_branches": 0, "missing_branches": 4}, "missing_lines": [388, 392, 394, 395, 396, 397, 398, 399, 401, 413, 414, 415, 417, 427, 428], "excluded_lines": [], "executed_branches": [], "missing_branches": [[394, 395], [394, 397], [397, 398], [397, 401]]}, "MessagesTable.set_deferred": {"executed_lines": [], "summary": {"covered_lines": 0, "num_statements": 3, "percent_covered": 0.0, "percent_covered_display": "0", "missing_lines": 3, "excluded_lines": 0, "num_branches": 0, "num_partial_branches": 0, "covered_branches": 0, "missing_branches": 0}, "missing_lines": [439, 440, 441], "excluded_lines": [], "executed_branches": [], "missing_branches": []}, "MessagesTable.clear_deferred": {"executed_lines": [], "summary": {"covered_lines": 0, "num_statements": 2, "percent_covered": 0.0, "percent_covered_display": "0", "missing_lines": 2, "excluded_lines": 0, "num_branches": 0, "num_partial_branches": 0, "covered_branches": 0, "missing_branches": 0}, "missing_lines": [449, 450], "excluded_lines": [], "executed_branches": [], "missing_branches": []}, "MessagesTable.mark_sent": {"executed_lines": [], "summary": {"covered_lines": 0, "num_statements": 3, "percent_covered": 0.0, "percent_covered_display": "0", "missing_lines": 3, "excluded_lines": 0, "num_branches": 0, "num_partial_branches": 0, "covered_branches": 0, "missing_branches": 0}, "missing_lines": [459, 460, 461], "excluded_lines": [], "executed_branches": [], "missing_branches": []}, "MessagesTable.mark_error": {"executed_lines": [], "summary": {"covered_lines": 0, "num_statements": 3, "percent_covered": 0.0, "percent_covered_display": "0", "missing_lines": 3, "excluded_lines": 0, "num_branches": 0, "num_partial_branches": 0, "covered_branches": 0, "missing_branches": 0}, "missing_lines": [470, 471, 472], "excluded_lines": [], "executed_branches": [], "missing_branches": []}, "MessagesTable.update_payload": {"executed_lines": [], "summary": {"covered_lines": 0, "num_statements": 2, "percent_covered": 0.0, "percent_covered_display": "0", "missing_lines": 2, "excluded_lines": 0, "num_branches": 0, "num_partial_branches": 0, "covered_branches": 0, "missing_branches": 0}, "missing_lines": [481, 482], "excluded_lines": [], "executed_branches": [], "missing_branches": []}, "MessagesTable.get": {"executed_lines": [], "summary": {"covered_lines": 0, "num_statements": 4, "percent_covered": 0.0, "percent_covered_display": "0", "missing_lines": 4, "excluded_lines": 0, "num_branches": 2, "num_partial_branches": 0, "covered_branches": 0, "missing_branches": 2}, "missing_lines": [494, 498, 499, 500], "excluded_lines": [], "executed_branches": [], "missing_branches": [[498, 499], [498, 500]]}, "MessagesTable.get_by_pk": {"executed_lines": [], "summary": {"covered_lines": 0, "num_statements": 4, "percent_covered": 0.0, "percent_covered_display": "0", "missing_lines": 4, "excluded_lines": 0, "num_branches": 2, "num_partial_branches": 0, "covered_branches": 0, "missing_branches": 2}, "missing_lines": [511, 515, 516, 517], "excluded_lines": [], "executed_branches": [], "missing_branches": [[515, 516], [515, 517]]}, "MessagesTable.remove_by_pk": {"executed_lines": [], "summary": {"covered_lines": 0, "num_statements": 2, "percent_covered": 0.0, "percent_covered_display": "0", "missing_lines": 2, "excluded_lines": 0, "num_branches": 0, "num_partial_branches": 0, "covered_branches": 0, "missing_branches": 0}, "missing_lines": [528, 529], "excluded_lines": [], "executed_branches": [], "missing_branches": []}, "MessagesTable.purge_for_account": {"executed_lines": [], "summary": {"covered_lines": 0, "num_statements": 1, "percent_covered": 0.0, "percent_covered_display": "0", "missing_lines": 1, "excluded_lines": 0, "num_branches": 0, "num_partial_branches": 0, "covered_branches": 0, "missing_branches": 0}, "missing_lines": [537], "excluded_lines": [], "executed_branches": [], "missing_branches": []}, "MessagesTable.existing_ids": {"executed_lines": [], "summary": {"covered_lines": 0, "num_statements": 7, "percent_covered": 0.0, "percent_covered_display": "0", "missing_lines": 7, "excluded_lines": 0, "num_branches": 2, "num_partial_branches": 0, "covered_branches": 0, "missing_branches": 2}, "missing_lines": [548, 549, 550, 552, 553, 554, 558], "excluded_lines": [], "executed_branches": [], "missing_branches": [[549, 550], [549, 552]]}, "MessagesTable.get_ids_for_tenant": {"executed_lines": [], "summary": {"covered_lines": 0, "num_statements": 7, "percent_covered": 0.0, "percent_covered_display": "0", "missing_lines": 7, "excluded_lines": 0, "num_branches": 2, "num_partial_branches": 0, "covered_branches": 0, "missing_branches": 2}, "missing_lines": [572, 573, 575, 576, 577, 579, 589], "excluded_lines": [], "executed_branches": [], "missing_branches": [[572, 573], [572, 575]]}, "MessagesTable.remove_fully_reported_before": {"executed_lines": [], "summary": {"covered_lines": 0, "num_statements": 1, "percent_covered": 0.0, "percent_covered_display": "0", "missing_lines": 1, "excluded_lines": 0, "num_branches": 0, "num_partial_branches": 0, "covered_branches": 0, "missing_branches": 0}, "missing_lines": [605], "excluded_lines": [], "executed_branches": [], "missing_branches": []}, "MessagesTable.remove_fully_reported_before_for_tenant": {"executed_lines": [], "summary": {"covered_lines": 0, "num_statements": 1, "percent_covered": 0.0, "percent_covered_display": "0", "missing_lines": 1, "excluded_lines": 0, "num_branches": 0, "num_partial_branches": 0, "covered_branches": 0, "missing_branches": 0}, "missing_lines": [637], "excluded_lines": [], "executed_branches": [], "missing_branches": []}, "MessagesTable.list_all": {"executed_lines": [], "summary": {"covered_lines": 0, "num_statements": 18, "percent_covered": 0.0, "percent_covered_display": "0", "missing_lines": 18, "excluded_lines": 0, "num_branches": 8, "num_partial_branches": 0, "covered_branches": 0, "missing_branches": 8}, "missing_lines": [675, 676, 678, 689, 690, 700, 701, 703, 713, 714, 716, 717, 719, 721, 722, 724, 725, 727], "excluded_lines": [], "executed_branches": [], "missing_branches": [[689, 690], [689, 703], [713, 714], [713, 716], [716, 717], [716, 719], [724, 725], [724, 727]]}, "MessagesTable._add_history_to_messages": {"executed_lines": [], "summary": {"covered_lines": 0, "num_statements": 19, "percent_covered": 0.0, "percent_covered_display": "0", "missing_lines": 19, "excluded_lines": 0, "num_branches": 8, "num_partial_branches": 0, "covered_branches": 0, "missing_branches": 8}, "missing_lines": [740, 741, 742, 744, 751, 753, 754, 755, 756, 757, 758, 759, 760, 761, 762, 763, 765, 766, 768], "excluded_lines": [], "executed_branches": [], "missing_branches": [[754, 755], [754, 765], [756, 757], [756, 761], [762, 754], [762, 763], [765, 766], [765, 768]]}, "MessagesTable.count_active": {"executed_lines": [], "summary": {"covered_lines": 0, "num_statements": 2, "percent_covered": 0.0, "percent_covered_display": "0", "missing_lines": 2, "excluded_lines": 0, "num_branches": 0, "num_partial_branches": 0, "covered_branches": 0, "missing_branches": 0}, "missing_lines": [776, 779], "excluded_lines": [], "executed_branches": [], "missing_branches": []}, "MessagesTable.count_pending_for_tenant": {"executed_lines": [], "summary": {"covered_lines": 0, "num_statements": 7, "percent_covered": 0.0, "percent_covered_display": "0", "missing_lines": 7, "excluded_lines": 0, "num_branches": 2, "num_partial_branches": 0, "covered_branches": 0, "missing_branches": 2}, "missing_lines": [793, 795, 796, 804, 806, 814, 815], "excluded_lines": [], "executed_branches": [], "missing_branches": [[795, 796], [795, 806]]}, "MessagesTable._decode_payload": {"executed_lines": [], "summary": {"covered_lines": 0, "num_statements": 10, "percent_covered": 0.0, "percent_covered_display": "0", "missing_lines": 10, "excluded_lines": 0, "num_branches": 4, "num_partial_branches": 0, "covered_branches": 0, "missing_branches": 4}, "missing_lines": [826, 827, 828, 829, 830, 831, 833, 834, 835, 836], "excluded_lines": [], "executed_branches": [], "missing_branches": [[827, 828], [827, 833], [834, 835], [834, 836]]}, "": {"executed_lines": [2, 52, 54, 55, 56, 58, 59, 62, 63, 106, 107, 109, 122, 154, 213, 245, 360, 430, 443, 452, 463, 474, 484, 502, 519, 531, 539, 560, 591, 625, 658, 729, 770, 781, 817, 839], "summary": {"covered_lines": 34, "num_statements": 34, "percent_covered": 100.0, "percent_covered_display": "100", "missing_lines": 0, "excluded_lines": 1, "num_branches": 0, "num_partial_branches": 0, "covered_branches": 0, "missing_branches": 0}, "missing_lines": [], "excluded_lines": [63], "executed_branches": [], "missing_branches": []}}, "classes": {"MessagesTable": {"executed_lines": [], "summary": {"covered_lines": 0, "num_statements": 193, "percent_covered": 0.0, "percent_covered_display": "0", "missing_lines": 193, "excluded_lines": 1, "num_branches": 54, "num_partial_branches": 0, "covered_branches": 0, "missing_branches": 54}, "missing_lines": [118, 119, 120, 139, 140, 141, 142, 143, 144, 145, 146, 147, 148, 149, 150, 151, 152, 163, 164, 165, 166, 167, 169, 170, 171, 172, 174, 192, 196, 197, 198, 208, 209, 211, 221, 222, 223, 224, 226, 230, 231, 233, 243, 292, 293, 295, 296, 298, 299, 301, 302, 303, 304, 305, 307, 308, 309, 310, 311, 312, 313, 315, 316, 320, 321, 323, 328, 329, 330, 332, 333, 334, 335, 336, 337, 338, 339, 340, 342, 343, 356, 358, 388, 392, 394, 395, 396, 397, 398, 399, 401, 413, 414, 415, 417, 427, 428, 439, 440, 441, 449, 450, 459, 460, 461, 470, 471, 472, 481, 482, 494, 498, 499, 500, 511, 515, 516, 517, 528, 529, 537, 548, 549, 550, 552, 553, 554, 558, 572, 573, 575, 576, 577, 579, 589, 605, 637, 675, 676, 678, 689, 690, 700, 701, 703, 713, 714, 716, 717, 719, 721, 722, 724, 725, 727, 740, 741, 742, 744, 751, 753, 754, 755, 756, 757, 758, 759, 760, 761, 762, 763, 765, 766, 768, 776, 779, 793, 795, 796, 804, 806, 814, 815, 826, 827, 828, 829, 830, 831, 833, 834, 835, 836], "excluded_lines": [252], "executed_branches": [], "missing_branches": [[196, 197], [196, 208], [230, 231], [230, 233], [292, 293], [292, 295], [295, 296], [295, 298], [301, 302], [301, 358], [304, 305], [304, 307], [315, 316], [315, 323], [320, 321], [320, 323], [328, 329], [328, 342], [329, 330], [329, 332], [394, 395], [394, 397], [397, 398], [397, 401], [498, 499], [498, 500], [515, 516], [515, 517], [549, 550], [549, 552], [572, 573], [572, 575], [689, 690], [689, 703], [713, 714], [713, 716], [716, 717], [716, 719], [724, 725], [724, 727], [754, 755], [754, 765], [756, 757], [756, 761], [762, 754], [762, 763], [765, 766], [765, 768], [795, 796], [795, 806], [827, 828], [827, 833], [834, 835], [834, 836]]}, "": {"executed_lines": [2, 52, 54, 55, 56, 58, 59, 62, 63, 106, 107, 109, 122, 154, 213, 245, 360, 430, 443, 452, 463, 474, 484, 502, 519, 531, 539, 560, 591, 625, 658, 729, 770, 781, 817, 839], "summary": {"covered_lines": 34, "num_statements": 34, "percent_covered": 100.0, "percent_covered_display": "100", "missing_lines": 0, "excluded_lines": 1, "num_branches": 0, "num_partial_branches": 0, "covered_branches": 0, "missing_branches": 0}, "missing_lines": [], "excluded_lines": [63], "executed_branches": [], "missing_branches": []}}}, "src/core/mail_proxy/entities/message_event/__init__.py": {"executed_lines": [2, 36, 38], "summary": {"covered_lines": 2, "num_statements": 2, "percent_covered": 100.0, "percent_covered_display": "100", "missing_lines": 0, "excluded_lines": 0, "num_branches": 0, "num_partial_branches": 0, "covered_branches": 0, "missing_branches": 0}, "missing_lines": [], "excluded_lines": [], "executed_branches": [], "missing_branches": [], "functions": {"": {"executed_lines": [2, 36, 38], "summary": {"covered_lines": 2, "num_statements": 2, "percent_covered": 100.0, "percent_covered_display": "100", "missing_lines": 0, "excluded_lines": 0, "num_branches": 0, "num_partial_branches": 0, "covered_branches": 0, "missing_branches": 0}, "missing_lines": [], "excluded_lines": [], "executed_branches": [], "missing_branches": []}}, "classes": {"": {"executed_lines": [2, 36, 38], "summary": {"covered_lines": 2, "num_statements": 2, "percent_covered": 100.0, "percent_covered_display": "100", "missing_lines": 0, "excluded_lines": 0, "num_branches": 0, "num_partial_branches": 0, "covered_branches": 0, "missing_branches": 0}, "missing_lines": [], "excluded_lines": [], "executed_branches": [], "missing_branches": []}}}, "src/core/mail_proxy/entities/message_event/table.py": {"executed_lines": [2, 51, 53, 54, 56, 59, 60, 95, 96, 98, 102, 123, 162, 194, 245, 259, 289, 300, 320], "summary": {"covered_lines": 17, "num_statements": 75, "percent_covered": 17.894736842105264, "percent_covered_display": "18", "missing_lines": 58, "excluded_lines": 0, "num_branches": 20, "num_partial_branches": 0, "covered_branches": 0, "missing_branches": 20}, "missing_lines": [100, 114, 115, 116, 117, 118, 119, 120, 121, 137, 138, 139, 141, 142, 144, 146, 147, 148, 149, 150, 151, 152, 153, 154, 155, 156, 157, 159, 160, 186, 213, 234, 235, 236, 237, 238, 239, 240, 241, 242, 243, 252, 253, 254, 268, 278, 279, 280, 281, 282, 283, 284, 285, 286, 287, 298, 309, 317], "excluded_lines": [], "executed_branches": [], "missing_branches": [[141, 142], [141, 144], [146, 147], [146, 148], [148, 149], [148, 150], [150, -123], [150, 151], [152, 153], [152, 159], [235, 236], [235, 243], [237, 238], [237, 242], [252, 253], [252, 254], [279, 280], [279, 287], [281, 282], [281, 286]], "functions": {"MessageEventTable.new_pkey_value": {"executed_lines": [], "summary": {"covered_lines": 0, "num_statements": 1, "percent_covered": 0.0, "percent_covered_display": "0", "missing_lines": 1, "excluded_lines": 0, "num_branches": 0, "num_partial_branches": 0, "covered_branches": 0, "missing_branches": 0}, "missing_lines": [100], "excluded_lines": [], "executed_branches": [], "missing_branches": []}, "MessageEventTable.configure": {"executed_lines": [], "summary": {"covered_lines": 0, "num_statements": 8, "percent_covered": 0.0, "percent_covered_display": "0", "missing_lines": 8, "excluded_lines": 0, "num_branches": 0, "num_partial_branches": 0, "covered_branches": 0, "missing_branches": 0}, "missing_lines": [114, 115, 116, 117, 118, 119, 120, 121], "excluded_lines": [], "executed_branches": [], "missing_branches": []}, "MessageEventTable.trigger_on_inserted": {"executed_lines": [], "summary": {"covered_lines": 0, "num_statements": 20, "percent_covered": 0.0, "percent_covered_display": "0", "missing_lines": 20, "excluded_lines": 0, "num_branches": 10, "num_partial_branches": 0, "covered_branches": 0, "missing_branches": 10}, "missing_lines": [137, 138, 139, 141, 142, 144, 146, 147, 148, 149, 150, 151, 152, 153, 154, 155, 156, 157, 159, 160], "excluded_lines": [], "executed_branches": [], "missing_branches": [[141, 142], [141, 144], [146, 147], [146, 148], [148, 149], [148, 150], [150, -123], [150, 151], [152, 153], [152, 159]]}, "MessageEventTable.add_event": {"executed_lines": [], "summary": {"covered_lines": 0, "num_statements": 1, "percent_covered": 0.0, "percent_covered_display": "0", "missing_lines": 1, "excluded_lines": 0, "num_branches": 0, "num_partial_branches": 0, "covered_branches": 0, "missing_branches": 0}, "missing_lines": [186], "excluded_lines": [], "executed_branches": [], "missing_branches": []}, "MessageEventTable.fetch_unreported": {"executed_lines": [], "summary": {"covered_lines": 0, "num_statements": 11, "percent_covered": 0.0, "percent_covered_display": "0", "missing_lines": 11, "excluded_lines": 0, "num_branches": 4, "num_partial_branches": 0, "covered_branches": 0, "missing_branches": 4}, "missing_lines": [213, 234, 235, 236, 237, 238, 239, 240, 241, 242, 243], "excluded_lines": [], "executed_branches": [], "missing_branches": [[235, 236], [235, 243], [237, 238], [237, 242]]}, "MessageEventTable.mark_reported": {"executed_lines": [], "summary": {"covered_lines": 0, "num_statements": 3, "percent_covered": 0.0, "percent_covered_display": "0", "missing_lines": 3, "excluded_lines": 0, "num_branches": 2, "num_partial_branches": 0, "covered_branches": 0, "missing_branches": 2}, "missing_lines": [252, 253, 254], "excluded_lines": [], "executed_branches": [], "missing_branches": [[252, 253], [252, 254]]}, "MessageEventTable.get_events_for_message": {"executed_lines": [], "summary": {"covered_lines": 0, "num_statements": 11, "percent_covered": 0.0, "percent_covered_display": "0", "missing_lines": 11, "excluded_lines": 0, "num_branches": 4, "num_partial_branches": 0, "covered_branches": 0, "missing_branches": 4}, "missing_lines": [268, 278, 279, 280, 281, 282, 283, 284, 285, 286, 287], "excluded_lines": [], "executed_branches": [], "missing_branches": [[279, 280], [279, 287], [281, 282], [281, 286]]}, "MessageEventTable.delete_for_message": {"executed_lines": [], "summary": {"covered_lines": 0, "num_statements": 1, "percent_covered": 0.0, "percent_covered_display": "0", "missing_lines": 1, "excluded_lines": 0, "num_branches": 0, "num_partial_branches": 0, "covered_branches": 0, "missing_branches": 0}, "missing_lines": [298], "excluded_lines": [], "executed_branches": [], "missing_branches": []}, "MessageEventTable.count_unreported_for_message": {"executed_lines": [], "summary": {"covered_lines": 0, "num_statements": 2, "percent_covered": 0.0, "percent_covered_display": "0", "missing_lines": 2, "excluded_lines": 0, "num_branches": 0, "num_partial_branches": 0, "covered_branches": 0, "missing_branches": 0}, "missing_lines": [309, 317], "excluded_lines": [], "executed_branches": [], "missing_branches": []}, "": {"executed_lines": [2, 51, 53, 54, 56, 59, 60, 95, 96, 98, 102, 123, 162, 194, 245, 259, 289, 300, 320], "summary": {"covered_lines": 17, "num_statements": 17, "percent_covered": 100.0, "percent_covered_display": "100", "missing_lines": 0, "excluded_lines": 0, "num_branches": 0, "num_partial_branches": 0, "covered_branches": 0, "missing_branches": 0}, "missing_lines": [], "excluded_lines": [], "executed_branches": [], "missing_branches": []}}, "classes": {"MessageEventTable": {"executed_lines": [], "summary": {"covered_lines": 0, "num_statements": 58, "percent_covered": 0.0, "percent_covered_display": "0", "missi
[...]
nes": 9, "excluded_lines": 0, "num_branches": 6, "num_partial_branches": 0, "covered_branches": 0, "missing_branches": 6}, "missing_lines": [88, 90, 91, 93, 94, 95, 96, 97, 98], "excluded_lines": [], "executed_branches": [], "missing_branches": [[90, 91], [90, 93], [93, -86], [93, 94], [97, 93], [97, 98]]}, "PecReceiver._process_account": {"executed_lines": [], "summary": {"covered_lines": 0, "num_statements": 44, "percent_covered": 0.0, "percent_covered_display": "0", "missing_lines": 44, "excluded_lines": 0, "num_branches": 24, "num_partial_branches": 0, "covered_branches": 0, "missing_branches": 24}, "missing_lines": [106, 108, 109, 110, 111, 112, 113, 114, 115, 116, 118, 119, 120, 124, 126, 128, 129, 137, 140, 141, 142, 148, 151, 153, 155, 156, 162, 164, 165, 171, 172, 174, 175, 177, 179, 180, 182, 183, 190, 191, 194, 201, 202, 209], "excluded_lines": [], "executed_branches": [], "missing_branches": [[118, 119], [118, 126], [119, 120], [119, 124], [140, 141], [140, 151], [141, 142], [141, 148], [153, 155], [153, 164], [155, 156], [155, 162], [164, 165], [164, 171], [174, 175], [174, 194], [177, 179], [177, 190], [182, 183], [182, 190], [190, 174], [190, 191], [201, 202], [201, 209]]}, "PecReceiver._handle_receipt": {"executed_lines": [], "summary": {"covered_lines": 0, "num_statements": 15, "percent_covered": 0.0, "percent_covered_display": "0", "missing_lines": 15, "excluded_lines": 0, "num_branches": 8, "num_partial_branches": 0, "covered_branches": 0, "missing_branches": 8}, "missing_lines": [214, 215, 218, 226, 229, 230, 231, 232, 233, 234, 235, 238, 239, 249, 251], "excluded_lines": [], "executed_branches": [], "missing_branches": [[230, 231], [230, 232], [232, 233], [232, 234], [234, 235], [234, 238], [249, -211], [249, 251]]}, "PecReceiver._check_pec_timeouts": {"executed_lines": [], "summary": {"covered_lines": 0, "num_statements": 9, "percent_covered": 0.0, "percent_covered_display": "0", "missing_lines": 9, "excluded_lines": 0, "num_branches": 4, "num_partial_branches": 0, "covered_branches": 0, "missing_branches": 4}, "missing_lines": [257, 258, 260, 262, 263, 265, 266, 272, 275], "excluded_lines": [], "executed_branches": [], "missing_branches": [[262, -253], [262, 263], [265, 266], [265, 272]]}, "": {"executed_lines": [], "summary": {"covered_lines": 0, "num_statements": 16, "percent_covered": 0.0, "percent_covered_display": "0", "missing_lines": 16, "excluded_lines": 3, "num_branches": 0, "num_partial_branches": 0, "covered_branches": 0, "missing_branches": 0}, "missing_lines": [12, 14, 15, 16, 18, 27, 30, 33, 48, 59, 74, 86, 104, 211, 253, 283], "excluded_lines": [20, 21, 23], "executed_branches": [], "missing_branches": []}}, "classes": {"PecReceiver": {"executed_lines": [], "summary": {"covered_lines": 0, "num_statements": 108, "percent_covered": 0.0, "percent_covered_display": "0", "missing_lines": 108, "excluded_lines": 0, "num_branches": 54, "num_partial_branches": 0, "covered_branches": 0, "missing_branches": 54}, "missing_lines": [40, 41, 42, 43, 44, 45, 46, 50, 51, 53, 54, 56, 57, 61, 63, 64, 65, 66, 67, 68, 69, 71, 72, 76, 77, 78, 79, 80, 81, 82, 84, 88, 90, 91, 93, 94, 95, 96, 97, 98, 106, 108, 109, 110, 111, 112, 113, 114, 115, 116, 118, 119, 120, 124, 126, 128, 129, 137, 140, 141, 142, 148, 151, 153, 155, 156, 162, 164, 165, 171, 172, 174, 175, 177, 179, 180, 182, 183, 190, 191, 194, 201, 202, 209, 214, 215, 218, 226, 229, 230, 231, 232, 233, 234, 235, 238, 239, 249, 251, 257, 258, 260, 262, 263, 265, 266, 272, 275], "excluded_lines": [], "executed_branches": [], "missing_branches": [[50, 51], [50, 53], [56, -48], [56, 57], [63, 64], [63, 71], [71, -59], [71, 72], [76, -74], [76, 77], [81, 82], [81, 84], [90, 91], [90, 93], [93, -86], [93, 94], [97, 93], [97, 98], [118, 119], [118, 126], [119, 120], [119, 124], [140, 141], [140, 151], [141, 142], [141, 148], [153, 155], [153, 164], [155, 156], [155, 162], [164, 165], [164, 171], [174, 175], [174, 194], [177, 179], [177, 190], [182, 183], [182, 190], [190, 174], [190, 191], [201, 202], [201, 209], [230, 231], [230, 232], [232, 233], [232, 234], [234, 235], [234, 238], [249, -211], [249, 251], [262, -253], [262, 263], [265, 266], [265, 272]]}, "": {"executed_lines": [], "summary": {"covered_lines": 0, "num_statements": 16, "percent_covered": 0.0, "percent_covered_display": "0", "missing_lines": 16, "excluded_lines": 3, "num_branches": 0, "num_partial_branches": 0, "covered_branches": 0, "missing_branches": 0}, "missing_lines": [12, 14, 15, 16, 18, 27, 30, 33, 48, 59, 74, 86, 104, 211, 253, 283], "excluded_lines": [20, 21, 23], "executed_branches": [], "missing_branches": []}}}, "src/enterprise/mail_proxy/proxy_ee.py": {"executed_lines": [2, 28, 30, 32, 36, 37, 54, 55, 61, 70, 86, 96, 106, 107, 111, 138], "summary": {"covered_lines": 13, "num_statements": 31, "percent_covered": 35.13513513513514, "percent_covered_display": "35", "missing_lines": 18, "excluded_lines": 2, "num_branches": 6, "num_partial_branches": 0, "covered_branches": 0, "missing_branches": 6}, "missing_lines": [63, 64, 80, 88, 89, 91, 93, 94, 98, 99, 100, 109, 125, 127, 128, 129, 134, 135], "excluded_lines": [32, 33], "executed_branches": [], "missing_branches": [[88, 89], [88, 91], [98, -96], [98, 99], [128, 129], [128, 134]], "functions": {"MailProxy_EE.__init_proxy_ee__": {"executed_lines": [], "summary": {"covered_lines": 0, "num_statements": 2, "percent_covered": 0.0, "percent_covered_display": "0", "missing_lines": 2, "excluded_lines": 0, "num_branches": 0, "num_partial_branches": 0, "covered_branches": 0, "missing_branches": 0}, "missing_lines": [63, 64], "excluded_lines": [], "executed_branches": [], "missing_branches": []}, "MailProxy_EE.configure_bounce_receiver": {"executed_lines": [], "summary": {"covered_lines": 0, "num_statements": 1, "percent_covered": 0.0, "percent_covered_display": "0", "missing_lines": 1, "excluded_lines": 0, "num_branches": 0, "num_partial_branches": 0, "covered_branches": 0, "missing_branches": 0}, "missing_lines": [80], "excluded_lines": [], "executed_branches": [], "missing_branches": []}, "MailProxy_EE._start_proxy_ee": {"executed_lines": [], "summary": {"covered_lines": 0, "num_statements": 5, "percent_covered": 0.0, "percent_covered_display": "0", "missing_lines": 5, "excluded_lines": 0, "num_branches": 2, "num_partial_branches": 0, "covered_branches": 0, "missing_branches": 2}, "missing_lines": [88, 89, 91, 93, 94], "excluded_lines": [], "executed_branches": [], "missing_branches": [[88, 89], [88, 91]]}, "MailProxy_EE._stop_proxy_ee": {"executed_lines": [], "summary": {"covered_lines": 0, "num_statements": 3, "percent_covered": 0.0, "percent_covered_display": "0", "missing_lines": 3, "excluded_lines": 0, "num_branches": 2, "num_partial_branches": 0, "covered_branches": 0, "missing_branches": 2}, "missing_lines": [98, 99, 100], "excluded_lines": [], "executed_branches": [], "missing_branches": [[98, -96], [98, 99]]}, "MailProxy_EE.bounce_receiver_running": {"executed_lines": [], "summary": {"covered_lines": 0, "num_statements": 1, "percent_covered": 0.0, "percent_covered_display": "0", "missing_lines": 1, "excluded_lines": 0, "num_branches": 0, "num_partial_branches": 0, "covered_branches": 0, "missing_branches": 0}, "missing_lines": [109], "excluded_lines": [], "executed_branches": [], "missing_branches": []}, "MailProxy_EE.handle_bounce_command": {"executed_lines": [], "summary": {"covered_lines": 0, "num_statements": 6, "percent_covered": 0.0, "percent_covered_display": "0", "missing_lines": 6, "excluded_lines": 0, "num_branches": 2, "num_partial_branches": 0, "covered_branches": 0, "missing_branches": 2}, "missing_lines": [125, 127, 128, 129, 134, 135], "excluded_lines": [], "executed_branches": [], "missing_branches": [[128, 129], [128, 134]]}, "": {"executed_lines": [2, 28, 30, 32, 36, 37, 54, 55, 61, 70, 86, 96, 106, 107, 111, 138], "summary": {"covered_lines": 13, "num_statements": 13, "percent_covered": 100.0, "percent_covered_display": "100", "missing_lines": 0, "excluded_lines": 2, "num_branches": 0, "num_partial_branches": 0, "covered_branches": 0, "missing_branches": 0}, "missing_lines": [], "excluded_lines": [32, 33], "executed_branches": [], "missing_branches": []}}, "classes": {"MailProxy_EE": {"executed_lines": [], "summary": {"covered_lines": 0, "num_statements": 18, "percent_covered": 0.0, "percent_covered_display": "0", "missing_lines": 18, "excluded_lines": 0, "num_branches": 6, "num_partial_branches": 0, "covered_branches": 0, "missing_branches": 6}, "missing_lines": [63, 64, 80, 88, 89, 91, 93, 94, 98, 99, 100, 109, 125, 127, 128, 129, 134, 135], "excluded_lines": [], "executed_branches": [], "missing_branches": [[88, 89], [88, 91], [98, -96], [98, 99], [128, 129], [128, 134]]}, "": {"executed_lines": [2, 28, 30, 32, 36, 37, 54, 55, 61, 70, 86, 96, 106, 107, 111, 138], "summary": {"covered_lines": 13, "num_statements": 13, "percent_covered": 100.0, "percent_covered_display": "100", "missing_lines": 0, "excluded_lines": 2, "num_branches": 0, "num_partial_branches": 0, "covered_branches": 0, "missing_branches": 0}, "missing_lines": [], "excluded_lines": [32, 33], "executed_branches": [], "missing_branches": []}}}, "src/enterprise/mail_proxy/storage/__init__.py": {"executed_lines": [2, 27, 29], "summary": {"covered_lines": 2, "num_statements": 2, "percent_covered": 100.0, "percent_covered_display": "100", "missing_lines": 0, "excluded_lines": 0, "num_branches": 0, "num_partial_branches": 0, "covered_branches": 0, "missing_branches": 0}, "missing_lines": [], "excluded_lines": [], "executed_branches": [], "missing_branches": [], "functions": {"": {"executed_lines": [2, 27, 29], "summary": {"covered_lines": 2, "num_statements": 2, "percent_covered": 100.0, "percent_covered_display": "100", "missing_lines": 0, "excluded_lines": 0, "num_branches": 0, "num_partial_branches": 0, "covered_branches": 0, "missing_branches": 0}, "missing_lines": [], "excluded_lines": [], "executed_branches": [], "missing_branches": []}}, "classes": {"": {"executed_lines": [2, 27, 29], "summary": {"covered_lines": 2, "num_statements": 2, "percent_covered": 100.0, "percent_covered_display": "100", "missing_lines": 0, "excluded_lines": 0, "num_branches": 0, "num_partial_branches": 0, "covered_branches": 0, "missing_branches": 0}, "missing_lines": [], "excluded_lines": [], "executed_branches": [], "missing_branches": []}}}, "src/enterprise/mail_proxy/storage/node_ee.py": {"executed_lines": [2, 7, 9, 10, 12, 15, 18, 19, 31, 33, 78, 109, 113, 117, 121, 126, 136, 142, 154, 165, 169, 184, 198], "summary": {"covered_lines": 20, "num_statements": 111, "percent_covered": 13.793103448275861, "percent_covered_display": "14", "missing_lines": 91, "excluded_lines": 3, "num_branches": 34, "num_partial_branches": 0, "covered_branches": 0, "missing_branches": 34}, "missing_lines": [35, 36, 38, 39, 41, 42, 43, 44, 49, 51, 52, 59, 60, 65, 66, 73, 75, 76, 80, 81, 82, 84, 85, 86, 87, 88, 89, 91, 92, 93, 94, 95, 96, 98, 99, 100, 101, 102, 103, 105, 110, 111, 114, 115, 118, 119, 122, 123, 124, 127, 128, 129, 130, 131, 132, 133, 134, 137, 138, 139, 140, 143, 144, 147, 148, 149, 151, 152, 155, 156, 157, 158, 159, 160, 162, 163, 166, 167, 170, 171, 173, 174, 176, 177, 179, 180, 182, 186, 187, 189, 190], "excluded_lines": [12, 13, 193], "executed_branches": [], "missing_branches": [[38, 39], [38, 41], [51, 52], [51, 59], [59, 60], [59, 65], [65, 66], [65, 73], [84, 85], [84, 91], [87, 88], [87, 89], [91, 92], [91, 98], [94, 95], [94, 96], [98, 99], [98, 105], [101, 102], [101, 103], [130, 131], [130, 132], [132, 133], [132, 134], [148, 149], [148, 151], [157, 158], [157, 159], [159, 160], [159, 162], [173, 174], [173, 176], [177, 179], [177, 182]], "functions": {"StorageNode_EE._get_fs": {"executed_lines": [], "summary": {"covered_lines": 0, "num_statements": 18, "percent_covered": 0.0, "percent_covered_display": "0", "missing_lines": 18, "excluded_lines": 0, "num_branches": 8, "num_partial_branches": 0, "covered_branches": 0, "missing_branches": 8}, "missing_lines": [35, 36, 38, 39, 41, 42, 43, 44, 49, 51, 52, 59, 60, 65, 66, 73, 75, 76], "excluded_lines": [], "executed_branches": [], "missing_branches": [[38, 39], [38, 41], [51, 52], [51, 59], [59, 60], [59, 65], [65, 66], [65, 73]]}, "StorageNode_EE._get_cloud_path": {"executed_lines": [], "summary": {"covered_lines": 0, "num_statements": 22, "percent_covered": 0.0, "percent_covered_display": "0", "missing_lines": 22, "excluded_lines": 0, "num_branches": 12, "num_partial_branches": 0, "covered_branches": 0, "missing_branches": 12}, "missing_lines": [80, 81, 82, 84, 85, 86, 87, 88, 89, 91, 92, 93, 94, 95, 96, 98, 99, 100, 101, 102, 103, 105], "excluded_lines": [], "executed_branches": [], "missing_branches": [[84, 85], [84, 91], [87, 88], [87, 89], [91, 92], [91, 98], [94, 95], [94, 96], [98, 99], [98, 105], [101, 102], [101, 103]]}, "StorageNode_EE._cloud_exists": {"executed_lines": [], "summary": {"covered_lines": 0, "num_statements": 2, "percent_covered": 0.0, "percent_covered_display": "0", "missing_lines": 2, "excluded_lines": 0, "num_branches": 0, "num_partial_branches": 0, "covered_branches": 0, "missing_branches": 0}, "missing_lines": [110, 111], "excluded_lines": [], "executed_branches": [], "missing_branches": []}, "StorageNode_EE._cloud_is_file": {"executed_lines": [], "summary": {"covered_lines": 0, "num_statements": 2, "percent_covered": 0.0, "percent_covered_display": "0", "missing_lines": 2, "excluded_lines": 0, "num_branches": 0, "num_partial_branches": 0, "covered_branches": 0, "missing_branches": 0}, "missing_lines": [114, 115], "excluded_lines": [], "executed_branches": [], "missing_branches": []}, "StorageNode_EE._cloud_is_dir": {"executed_lines": [], "summary": {"covered_lines": 0, "num_statements": 2, "percent_covered": 0.0, "percent_covered_display": "0", "missing_lines": 2, "excluded_lines": 0, "num_branches": 0, "num_partial_branches": 0, "covered_branches": 0, "missing_branches": 0}, "missing_lines": [118, 119], "excluded_lines": [], "executed_branches": [], "missing_branches": []}, "StorageNode_EE._cloud_size": {"executed_lines": [], "summary": {"covered_lines": 0, "num_statements": 3, "percent_covered": 0.0, "percent_covered_display": "0", "missing_lines": 3, "excluded_lines": 0, "num_branches": 0, "num_partial_branches": 0, "covered_branches": 0, "missing_branches": 0}, "missing_lines": [122, 123, 124], "excluded_lines": [], "executed_branches": [], "missing_branches": []}, "StorageNode_EE._cloud_mtime": {"executed_lines": [], "summary": {"covered_lines": 0, "num_statements": 8, "percent_covered": 0.0, "percent_covered_display": "0", "missing_lines": 8, "excluded_lines": 0, "num_branches": 4, "num_partial_branches": 0, "covered_branches": 0, "missing_branches": 4}, "missing_lines": [127, 128, 129, 130, 131, 132, 133, 134], "excluded_lines": [], "executed_branches": [], "missing_branches": [[130, 131], [130, 132], [132, 133], [132, 134]]}, "StorageNode_EE._cloud_read_bytes": {"executed_lines": [], "summary": {"covered_lines": 0, "num_statements": 4, "percent_covered": 0.0, "percent_covered_display": "0", "missing_lines": 4, "excluded_lines": 0, "num_branches": 0, "num_partial_branches": 0, "covered_branches": 0, "missing_branches": 0}, "missing_lines": [137, 138, 139, 140], "excluded_lines": [], "executed_branches": [], "missing_branches": []}, "StorageNode_EE._cloud_write_bytes": {"executed_lines": [], "summary": {"covered_lines": 0, "num_statements": 7, "percent_covered": 0.0, "percent_covered_display": "0", "missing_lines": 7, "excluded_lines": 0, "num_branches": 2, "num_partial_branches": 0, "covered_branches": 0, "missing_branches": 2}, "missing_lines": [143, 144, 147, 148, 149, 151, 152], "excluded_lines": [], "executed_branches": [], "missing_branches": [[148, 149], [148, 151]]}, "StorageNode_EE._cloud_delete": {"executed_lines": [], "summary": {"covered_lines": 0, "num_statements": 8, "percent_covered": 0.0, "percent_covered_display": "0", "missing_lines": 8, "excluded_lines": 0, "num_branches": 4, "num_partial_branches": 0, "covered_branches": 0, "missing_branches": 4}, "missing_lines": [155, 156, 157, 158, 159, 160, 162, 163], "excluded_lines": [], "executed_branches": [], "missing_branches": [[157, 158], [157, 159], [159, 160], [159, 162]]}, "StorageNode_EE._cloud_mkdir": {"executed_lines": [], "summary": {"covered_lines": 0, "num_statements": 2, "percent_covered": 0.0, "percent_covered_display": "0", "missing_lines": 2, "excluded_lines": 0, "num_branches": 0, "num_partial_branches": 0, "covered_branches": 0, "missing_branches": 0}, "missing_lines": [166, 167], "excluded_lines": [], "executed_branches": [], "missing_branches": []}, "StorageNode_EE._cloud_children": {"executed_lines": [], "summary": {"covered_lines": 0, "num_statements": 9, "percent_covered": 0.0, "percent_covered_display": "0", "missing_lines": 9, "excluded_lines": 0, "num_branches": 4, "num_partial_branches": 0, "covered_branches": 0, "missing_branches": 4}, "missing_lines": [170, 171, 173, 174, 176, 177, 179, 180, 182], "excluded_lines": [], "executed_branches": [], "missing_branches": [[173, 174], [173, 176], [177, 179], [177, 182]]}, "StorageNode_EE._cloud_url": {"executed_lines": [], "summary": {"covered_lines": 0, "num_statements": 4, "percent_covered": 0.0, "percent_covered_display": "0", "missing_lines": 4, "excluded_lines": 1, "num_branches": 0, "num_partial_branches": 0, "covered_branches": 0, "missing_branches": 0}, "missing_lines": [186, 187, 189, 190], "excluded_lines": [193], "executed_branches": [], "missing_branches": []}, "": {"executed_lines": [2, 7, 9, 10, 12, 15, 18, 19, 31, 33, 78, 109, 113, 117, 121, 126, 136, 142, 154, 165, 169, 184, 198], "summary": {"covered_lines": 20, "num_statements": 20, "percent_covered": 100.0, "percent_covered_display": "100", "missing_lines": 0, "excluded_lines": 2, "num_branches": 0, "num_partial_branches": 0, "covered_branches": 0, "missing_branches": 0}, "missing_lines": [], "excluded_lines": [12, 13], "executed_branches": [], "missing_branches": []}}, "classes": {"StorageNode_EE": {"executed_lines": [], "summary": {"covered_lines": 0, "num_statements": 91, "percent_covered": 0.0, "percent_covered_display": "0", "missing_lines": 91, "excluded_lines": 1, "num_branches": 34, "num_partial_branches": 0, "covered_branches": 0, "missing_branches": 34}, "missing_lines": [35, 36, 38, 39, 41, 42, 43, 44, 49, 51, 52, 59, 60, 65, 66, 73, 75, 76, 80, 81, 82, 84, 85, 86, 87, 88, 89, 91, 92, 93, 94, 95, 96, 98, 99, 100, 101, 102, 103, 105, 110, 111, 114, 115, 118, 119, 122, 123, 124, 127, 128, 129, 130, 131, 132, 133, 134, 137, 138, 139, 140, 143, 144, 147, 148, 149, 151, 152, 155, 156, 157, 158, 159, 160, 162, 163, 166, 167, 170, 171, 173, 174, 176, 177, 179, 180, 182, 186, 187, 189, 190], "excluded_lines": [193], "executed_branches": [], "missing_branches": [[38, 39], [38, 41], [51, 52], [51, 59], [59, 60], [59, 65], [65, 66], [65, 73], [84, 85], [84, 91], [87, 88], [87, 89], [91, 92], [91, 98], [94, 95], [94, 96], [98, 99], [98, 105], [101, 102], [101, 103], [130, 131], [130, 132], [132, 133], [132, 134], [148, 149], [148, 151], [157, 158], [157, 159], [159, 160], [159, 162], [173, 174], [173, 176], [177, 179], [177, 182]]}, "": {"executed_lines": [2, 7, 9, 10, 12, 15, 18, 19, 31, 33, 78, 109, 113, 117, 121, 126, 136, 142, 154, 165, 169, 184, 198], "summary": {"covered_lines": 20, "num_statements": 20, "percent_covered": 100.0, "percent_covered_display": "100", "missing_lines": 0, "excluded_lines": 2, "num_branches": 0, "num_partial_branches": 0, "covered_branches": 0, "missing_branches": 0}, "missing_lines": [], "excluded_lines": [12, 13], "executed_branches": [], "missing_branches": []}}}}, "totals": {"covered_lines": 1234, "num_statements": 5026, "percent_covered": 22.157215721572157, "percent_covered_display": "22", "missing_lines": 3792, "excluded_lines": 97, "num_branches": 1640, "num_partial_branches": 41, "covered_branches": 243, "missing_branches": 1397}}